1693445203524	mozrunner::runner	INFO	Running command: "/Applications/Firefox.app/Contents/MacOS/firefox-bin" "-marionette" "-foreground" "-no-remote" "-profile" "/var/folders/51/3vcrsp194fldczrkg0b0zgbr0000gn/T/rust_mozprofilenrgYse"
console.warn: services.settings: Ignoring preference override of remote settings server
console.warn: services.settings: Allow by setting MOZ_REMOTE_SETTINGS_DEVTOOLS=1 in the environment
1693445216901	Marionette	INFO	Marionette enabled
1693445217175	Marionette	INFO	Listening on port 51326
1693445217410	RemoteAgent	WARN	TLS certificate errors will be ignored for this session
1693445221375	Marionette	WARN	Ignoring event 'DOMContentLoaded' because document has an invalid readyState of 'complete'.
JavaScript warning: https://g.alicdn.com/AWSC/fireyejs/1.226.0/fireyejs.js, line 1: WEBGL_debug_renderer_info is deprecated in Firefox and will be removed. Please use RENDERER.
JavaScript error: https://oversea.cnki.net/index/products/en/js/js.js, line 142: SyntaxError: expected expression, got '}'
1693445994893	mozrunner::runner	INFO	Running command: "/Applications/Firefox.app/Contents/MacOS/firefox-bin" "-marionette" "-foreground" "-no-remote" "-profile" "/var/folders/51/3vcrsp194fldczrkg0b0zgbr0000gn/T/rust_mozprofilekKy2TZ"
console.warn: services.settings: Ignoring preference override of remote settings server
console.warn: services.settings: Allow by setting MOZ_REMOTE_SETTINGS_DEVTOOLS=1 in the environment
1693445995795	Marionette	INFO	Marionette enabled
1693445996077	Marionette	INFO	Listening on port 52193
1693445996478	RemoteAgent	WARN	TLS certificate errors will be ignored for this session
1693445999713	Marionette	WARN	Ignoring event 'DOMContentLoaded' because document has an invalid readyState of 'complete'.
JavaScript warning: https://g.alicdn.com/AWSC/fireyejs/1.226.0/fireyejs.js, line 1: WEBGL_debug_renderer_info is deprecated in Firefox and will be removed. Please use RENDERER.
1693446473280	mozrunner::runner	INFO	Running command: "/Applications/Firefox.app/Contents/MacOS/firefox-bin" "-marionette" "-foreground" "-no-remote" "-profile" "/var/folders/51/3vcrsp194fldczrkg0b0zgbr0000gn/T/rust_mozprofileRT70lg"
console.warn: services.settings: Ignoring preference override of remote settings server
console.warn: services.settings: Allow by setting MOZ_REMOTE_SETTINGS_DEVTOOLS=1 in the environment
1693446473771	Marionette	INFO	Marionette enabled
1693446474068	Marionette	INFO	Listening on port 53441
1693446474123	RemoteAgent	WARN	TLS certificate errors will be ignored for this session
1693446495120	Marionette	WARN	Ignoring event 'DOMContentLoaded' because document has an invalid readyState of 'complete'.
JavaScript warning: https://g.alicdn.com/AWSC/fireyejs/1.226.0/fireyejs.js, line 1: WEBGL_debug_renderer_info is deprecated in Firefox and will be removed. Please use RENDERER.
1693448073849	mozrunner::runner	INFO	Running command: "/Applications/Firefox.app/Contents/MacOS/firefox-bin" "-marionette" "-foreground" "-no-remote" "-profile" "/var/folders/51/3vcrsp194fldczrkg0b0zgbr0000gn/T/rust_mozprofile3OE3xu"
console.warn: services.settings: Ignoring preference override of remote settings server
console.warn: services.settings: Allow by setting MOZ_REMOTE_SETTINGS_DEVTOOLS=1 in the environment
1693448074666	Marionette	INFO	Marionette enabled
1693448074951	Marionette	INFO	Listening on port 60105
1693448075402	RemoteAgent	WARN	TLS certificate errors will be ignored for this session
1693448078247	Marionette	WARN	Ignoring event 'DOMContentLoaded' because document has an invalid readyState of 'complete'.
JavaScript warning: https://g.alicdn.com/AWSC/fireyejs/1.226.0/fireyejs.js, line 1: WEBGL_debug_renderer_info is deprecated in Firefox and will be removed. Please use RENDERER.
console.error: (new TypeError("watcher.browserElement.browsingContext is null", "resource://devtools/server/actors/watcher/target-helpers/frame-helper.js", 193))
1693448131368	Marionette	INFO	Stopped listening on port 60105
console.warn: TopSitesFeed: Failed to fetch data from Contile server: NetworkError when attempting to fetch resource.
1693448135321	Marionette	INFO	Stopped listening on port 52193
console.warn: TopSitesFeed: Failed to fetch data from Contile server: NetworkError when attempting to fetch resource.
1693448161183	mozrunner::runner	INFO	Running command: "/Applications/Firefox.app/Contents/MacOS/firefox-bin" "-marionette" "-foreground" "-no-remote" "-profile" "/var/folders/51/3vcrsp194fldczrkg0b0zgbr0000gn/T/rust_mozprofilewhhyTn"
console.warn: services.settings: Ignoring preference override of remote settings server
console.warn: services.settings: Allow by setting MOZ_REMOTE_SETTINGS_DEVTOOLS=1 in the environment
1693448161670	Marionette	INFO	Marionette enabled
1693448161969	Marionette	INFO	Listening on port 60615
1693448162017	RemoteAgent	WARN	TLS certificate errors will be ignored for this session
1693448167013	Marionette	WARN	Ignoring event 'DOMContentLoaded' because document has an invalid readyState of 'complete'.
JavaScript warning: https://g.alicdn.com/AWSC/fireyejs/1.226.0/fireyejs.js, line 1: WEBGL_debug_renderer_info is deprecated in Firefox and will be removed. Please use RENDERER.
JavaScript warning: https://g.alicdn.com/AWSC/fireyejs/1.226.0/fireyejs.js, line 1: WEBGL_debug_renderer_info is deprecated in Firefox and will be removed. Please use RENDERER.
console.warn: "Listener for event 'frame' did not return a promise."
console.warn: "Listener for event 'frame' did not return a promise."
1693448602452	Marionette	INFO	Stopped listening on port 53441
console.warn: TopSitesFeed: Failed to fetch data from Contile server: NetworkError when attempting to fetch resource.
JavaScript warning: https://v88.live800.com/live800/chatClient/floatButtonStatic.js?tim=1693448401786 line 9 > srcScript, line 4: Script terminated by timeout at:
init/<@https://v88.live800.com/live800/chatClient/floatButtonStatic.js?tim=1693448401786 line 9 > srcScript:4:1772
setInterval handler*init@https://v88.live800.com/live800/chatClient/floatButtonStatic.js?tim=1693448401786 line 9 > srcScript:4:1760
f@https://v88.live800.com/live800/chatClient/floatButtonStatic.js?tim=1693448401786 line 9 > srcScript:4:1414
y@https://v88.live800.com/live800/chatClient/floatButtonStatic.js?tim=1693448401786 line 9 > srcScript:4:10228
@https://v88.live800.com/live800/chatClient/floatButtonStatic.js?tim=1693448401786 line 9 > srcScript:4:11719
@https://v88.live800.com/live800/chatClient/floatButtonStatic.js?tim=1693448401786 line 9 > srcScript:4:12190

1693448608227	Marionette	INFO	Stopped listening on port 60615
JavaScript error: , line 0: NotFoundError: No such JSWindowActor 'DevToolsFrame'
JavaScript error: , line 0: NotFoundError: No such JSWindowActor 'DevToolsFrame'
JavaScript error: , line 0: NotFoundError: No such JSWindowActor 'DevToolsFrame'
1693448613917	Marionette	INFO	Stopped listening on port 51326
console.warn: TopSitesFeed: Failed to fetch data from Contile server: NetworkError when attempting to fetch resource.
1693448876606	mozrunner::runner	INFO	Running command: "/Applications/Firefox.app/Contents/MacOS/firefox-bin" "-marionette" "-foreground" "-no-remote" "-profile" "/var/folders/51/3vcrsp194fldczrkg0b0zgbr0000gn/T/rust_mozprofile8HfJ2t"
console.warn: services.settings: Ignoring preference override of remote settings server
console.warn: services.settings: Allow by setting MOZ_REMOTE_SETTINGS_DEVTOOLS=1 in the environment
1693448877221	Marionette	INFO	Marionette enabled
1693448877525	Marionette	INFO	Listening on port 63014
1693448877705	RemoteAgent	WARN	TLS certificate errors will be ignored for this session
1693448884210	Marionette	WARN	Ignoring event 'DOMContentLoaded' because document has an invalid readyState of 'complete'.
JavaScript warning: https://g.alicdn.com/AWSC/fireyejs/1.226.0/fireyejs.js, line 1: WEBGL_debug_renderer_info is deprecated in Firefox and will be removed. Please use RENDERER.
1693449350421	mozrunner::runner	INFO	Running command: "/Applications/Firefox.app/Contents/MacOS/firefox-bin" "-marionette" "-foreground" "-no-remote" "-profile" "/var/folders/51/3vcrsp194fldczrkg0b0zgbr0000gn/T/rust_mozprofileNn9HBb"
console.warn: services.settings: Ignoring preference override of remote settings server
console.warn: services.settings: Allow by setting MOZ_REMOTE_SETTINGS_DEVTOOLS=1 in the environment
1693449350911	Marionette	INFO	Marionette enabled
1693449351101	Marionette	INFO	Listening on port 63335
1693449351658	RemoteAgent	WARN	TLS certificate errors will be ignored for this session
1693449355250	Marionette	WARN	Ignoring event 'DOMContentLoaded' because document has an invalid readyState of 'complete'.
JavaScript warning: https://g.alicdn.com/AWSC/fireyejs/1.226.0/fireyejs.js, line 1: WEBGL_debug_renderer_info is deprecated in Firefox and will be removed. Please use RENDERER.
1693449405476	mozrunner::runner	INFO	Running command: "/Applications/Firefox.app/Contents/MacOS/firefox-bin" "-marionette" "-foreground" "-no-remote" "-profile" "/var/folders/51/3vcrsp194fldczrkg0b0zgbr0000gn/T/rust_mozprofilekagpqL"
console.warn: services.settings: Ignoring preference override of remote settings server
console.warn: services.settings: Allow by setting MOZ_REMOTE_SETTINGS_DEVTOOLS=1 in the environment
1693449405966	Marionette	INFO	Marionette enabled
1693449406155	Marionette	INFO	Listening on port 63494
1693449406451	RemoteAgent	WARN	TLS certificate errors will be ignored for this session
1693449409693	Marionette	WARN	Ignoring event 'DOMContentLoaded' because document has an invalid readyState of 'complete'.
JavaScript warning: https://g.alicdn.com/AWSC/fireyejs/1.226.0/fireyejs.js, line 1: WEBGL_debug_renderer_info is deprecated in Firefox and will be removed. Please use RENDERER.
console.warn: LoginRecipes: "Falling back to a synchronous message for: https://cnki.net."
console.warn: LoginRecipes: "Falling back to a synchronous message for: https://cnki.net."
console.warn: LoginRecipes: "Falling back to a synchronous message for: https://cnki.net."
JavaScript error: https://cnki.net/kns/scripts/min/login.min.js?v=2.6, line 1: ReferenceError: getValueFromCookie is not defined
JavaScript warning: https://cnki.net/kns/scripts/min/merge.searchbar.min.js?v=2.6, line 1: unreachable code after return statement
JavaScript warning: https://cnki.net/kns/scripts/min/merge.searchbar.min.js?v=2.6, line 8: unreachable code after return statement
JavaScript warning: https://cnki.net/kns/scripts/min/merge.searchbar.min.js?v=2.6, line 12: unreachable code after return statement
JavaScript warning: https://g.alicdn.com/AWSC/fireyejs/1.226.0/fireyejs.js, line 1: WEBGL_debug_renderer_info is deprecated in Firefox and will be removed. Please use RENDERER.
JavaScript warning: https://cnki.net/kns/scripts/min/merge.searchbar.min.js?v=2.6, line 1: unreachable code after return statement
JavaScript warning: https://cnki.net/kns/scripts/min/merge.searchbar.min.js?v=2.6, line 8: unreachable code after return statement
JavaScript warning: https://cnki.net/kns/scripts/min/merge.searchbar.min.js?v=2.6, line 12: unreachable code after return statement
JavaScript warning: https://g.alicdn.com/AWSC/fireyejs/1.226.0/fireyejs.js, line 1: WEBGL_debug_renderer_info is deprecated in Firefox and will be removed. Please use RENDERER.
1693449548026	mozrunner::runner	INFO	Running command: "/Applications/Firefox.app/Contents/MacOS/firefox-bin" "-marionette" "-foreground" "-no-remote" "-profile" "/var/folders/51/3vcrsp194fldczrkg0b0zgbr0000gn/T/rust_mozprofile54tiF3"
console.warn: services.settings: Ignoring preference override of remote settings server
console.warn: services.settings: Allow by setting MOZ_REMOTE_SETTINGS_DEVTOOLS=1 in the environment
1693449548541	Marionette	INFO	Marionette enabled
1693449548742	Marionette	INFO	Listening on port 63777
1693449548948	RemoteAgent	WARN	TLS certificate errors will be ignored for this session
1693449553131	Marionette	WARN	Ignoring event 'DOMContentLoaded' because document has an invalid readyState of 'complete'.
JavaScript warning: https://g.alicdn.com/AWSC/fireyejs/1.226.0/fireyejs.js, line 1: WEBGL_debug_renderer_info is deprecated in Firefox and will be removed. Please use RENDERER.
console.warn: LoginRecipes: "Falling back to a synchronous message for: https://cnki.net."
console.warn: LoginRecipes: "Falling back to a synchronous message for: https://cnki.net."
console.warn: LoginRecipes: "Falling back to a synchronous message for: https://cnki.net."
JavaScript warning: https://g.alicdn.com/AWSC/fireyejs/1.226.0/fireyejs.js, line 1: WEBGL_debug_renderer_info is deprecated in Firefox and will be removed. Please use RENDERER.
JavaScript warning: https://cnki.net/kns/scripts/min/merge.searchbar.min.js?v=2.6, line 1: unreachable code after return statement
JavaScript warning: https://cnki.net/kns/scripts/min/merge.searchbar.min.js?v=2.6, line 8: unreachable code after return statement
JavaScript warning: https://cnki.net/kns/scripts/min/merge.searchbar.min.js?v=2.6, line 12: unreachable code after return statement
JavaScript error: https://cnki.net/kns/scripts/min/login.min.js?v=2.6, line 1: ReferenceError: getValueFromCookie is not defined
JavaScript warning: https://cnki.net/kns/scripts/min/merge.searchbar.min.js?v=2.6, line 1: unreachable code after return statement
JavaScript warning: https://cnki.net/kns/scripts/min/merge.searchbar.min.js?v=2.6, line 8: unreachable code after return statement
JavaScript warning: https://cnki.net/kns/scripts/min/merge.searchbar.min.js?v=2.6, line 12: unreachable code after return statement
JavaScript warning: https://g.alicdn.com/AWSC/fireyejs/1.226.0/fireyejs.js, line 1: WEBGL_debug_renderer_info is deprecated in Firefox and will be removed. Please use RENDERER.
JavaScript warning: https://cnki.net/kns/scripts/min/merge.searchbar.min.js?v=2.6, line 1: unreachable code after return statement
JavaScript warning: https://cnki.net/kns/scripts/min/merge.searchbar.min.js?v=2.6, line 8: unreachable code after return statement
JavaScript warning: https://cnki.net/kns/scripts/min/merge.searchbar.min.js?v=2.6, line 12: unreachable code after return statement
JavaScript warning: https://g.alicdn.com/AWSC/fireyejs/1.226.0/fireyejs.js, line 1: WEBGL_debug_renderer_info is deprecated in Firefox and will be removed. Please use RENDERER.
JavaScript error: https://cnki.net/kns/scripts/min/login.min.js?v=2.6, line 1: ReferenceError: getValueFromCookie is not defined
JavaScript warning: https://cnki.net/kns/scripts/min/merge.searchbar.min.js?v=2.6, line 1: unreachable code after return statement
JavaScript warning: https://cnki.net/kns/scripts/min/merge.searchbar.min.js?v=2.6, line 8: unreachable code after return statement
JavaScript warning: https://cnki.net/kns/scripts/min/merge.searchbar.min.js?v=2.6, line 12: unreachable code after return statement
JavaScript warning: https://g.alicdn.com/AWSC/fireyejs/1.226.0/fireyejs.js, line 1: WEBGL_debug_renderer_info is deprecated in Firefox and will be removed. Please use RENDERER.
1693449926967	mozrunner::runner	INFO	Running command: "/Applications/Firefox.app/Contents/MacOS/firefox-bin" "-marionette" "-foreground" "-no-remote" "-profile" "/var/folders/51/3vcrsp194fldczrkg0b0zgbr0000gn/T/rust_mozprofile7hBGVL"
console.warn: services.settings: Ignoring preference override of remote settings server
console.warn: services.settings: Allow by setting MOZ_REMOTE_SETTINGS_DEVTOOLS=1 in the environment
1693449927492	Marionette	INFO	Marionette enabled
1693449927682	Marionette	INFO	Listening on port 64213
1693449927812	RemoteAgent	WARN	TLS certificate errors will be ignored for this session
1693449932766	Marionette	WARN	Ignoring event 'DOMContentLoaded' because document has an invalid readyState of 'complete'.
JavaScript warning: https://g.alicdn.com/AWSC/fireyejs/1.226.0/fireyejs.js, line 1: WEBGL_debug_renderer_info is deprecated in Firefox and will be removed. Please use RENDERER.
console.warn: LoginRecipes: "Falling back to a synchronous message for: https://cnki.net."
console.warn: LoginRecipes: "Falling back to a synchronous message for: https://cnki.net."
console.warn: LoginRecipes: "Falling back to a synchronous message for: https://cnki.net."
JavaScript warning: https://cnki.net/kns/scripts/min/merge.searchbar.min.js?v=2.6, line 1: unreachable code after return statement
JavaScript warning: https://cnki.net/kns/scripts/min/merge.searchbar.min.js?v=2.6, line 8: unreachable code after return statement
JavaScript warning: https://cnki.net/kns/scripts/min/merge.searchbar.min.js?v=2.6, line 12: unreachable code after return statement
JavaScript warning: https://g.alicdn.com/AWSC/fireyejs/1.226.0/fireyejs.js, line 1: WEBGL_debug_renderer_info is deprecated in Firefox and will be removed. Please use RENDERER.
JavaScript warning: https://cnki.net/kns/scripts/min/merge.searchbar.min.js?v=2.6, line 1: unreachable code after return statement
JavaScript warning: https://cnki.net/kns/scripts/min/merge.searchbar.min.js?v=2.6, line 8: unreachable code after return statement
JavaScript warning: https://cnki.net/kns/scripts/min/merge.searchbar.min.js?v=2.6, line 12: unreachable code after return statement
JavaScript warning: https://g.alicdn.com/AWSC/fireyejs/1.226.0/fireyejs.js, line 1: WEBGL_debug_renderer_info is deprecated in Firefox and will be removed. Please use RENDERER.
JavaScript warning: https://v88.live800.com/live800/chatClient/floatButtonStatic.js?tim=1693448892242, line 4: Script terminated by timeout at:
scrollPosition@https://v88.live800.com/live800/chatClient/floatButtonStatic.js?tim=1693448892242:4:3247
lock@https://v88.live800.com/live800/chatClient/floatButtonStatic.js?tim=1693448892242:4:2513
init/<@https://v88.live800.com/live800/chatClient/floatButtonStatic.js?tim=1693448892242:4:1779

console.warn: "Async method failed in safeAsyncMethod" (new Error("Connection closed, pending request to server0.conn0.windowGlobal6442450946/layout66, type getGrids failed\n\nRequest stack:\nrequest@resource://devtools/shared/protocol/Front.js:300:14\ngenerateRequestMethods/</frontProto[name]@resource://devtools/shared/protocol/Front/FrontClassWithSpec.js:47:19\ngetAllGrids@resource://devtools/client/fronts/layout.js:173:17\nexports.safeAsyncMethod/<@resource://devtools/shared/async-utils.js:61:25\ngetGrids@resource://devtools/client/inspector/grids/grid-inspector.js:450:35\n", "resource://devtools/shared/protocol/Front.js", 106))
console.warn: "Async method failed in safeAsyncMethod" (new Error("Connection closed, pending request to server0.conn0.windowGlobal8589934593/layout21, type getGrids failed\n\nRequest stack:\nrequest@resource://devtools/shared/protocol/Front.js:300:14\ngenerateRequestMethods/</frontProto[name]@resource://devtools/shared/protocol/Front/FrontClassWithSpec.js:47:19\ngetAllGrids@resource://devtools/client/fronts/layout.js:173:17\nexports.safeAsyncMethod/<@resource://devtools/shared/async-utils.js:61:25\ngetGrids@resource://devtools/client/inspector/grids/grid-inspector.js:450:35\n", "resource://devtools/shared/protocol/Front.js", 106))
console.warn: "Async method failed in safeAsyncMethod" (new Error("Connection closed, pending request to server0.conn0.windowGlobal8589934594/layout21, type getGrids failed\n\nRequest stack:\nrequest@resource://devtools/shared/protocol/Front.js:300:14\ngenerateRequestMethods/</frontProto[name]@resource://devtools/shared/protocol/Front/FrontClassWithSpec.js:47:19\ngetAllGrids@resource://devtools/client/fronts/layout.js:173:17\nexports.safeAsyncMethod/<@resource://devtools/shared/async-utils.js:61:25\ngetGrids@resource://devtools/client/inspector/grids/grid-inspector.js:450:35\n", "resource://devtools/shared/protocol/Front.js", 106))
console.warn: "Inspector destroyed while executing onReflow callback"
1693450051888	Marionette	INFO	Stopped listening on port 63014
JavaScript error: , line 0: NotFoundError: No such JSWindowActor 'DevToolsFrame'
JavaScript error: , line 0: NotFoundError: No such JSWindowActor 'DevToolsFrame'
JavaScript error: , line 0: NotFoundError: No such JSWindowActor 'DevToolsFrame'
JavaScript warning: https://v88.live800.com/live800/chatClient/floatButtonStatic.js?tim=1693449994738 line 5 > srcScript, line 4: Script terminated by timeout at:
init/<@https://v88.live800.com/live800/chatClient/floatButtonStatic.js?tim=1693449994738 line 5 > srcScript:4:1772

1693450123364	Marionette	INFO	Stopped listening on port 64213
JavaScript error: , line 0: NotFoundError: No such JSWindowActor 'DevToolsFrame'
JavaScript error: , line 0: NotFoundError: No such JSWindowActor 'DevToolsFrame'
JavaScript error: , line 0: NotFoundError: No such JSWindowActor 'DevToolsFrame'
JavaScript warning: https://v88.live800.com/live800/chatClient/floatButtonStatic.js?tim=1693449760179 line 5 > srcScript, line 4: Script terminated by timeout at:
pageDimension@https://v88.live800.com/live800/chatClient/floatButtonStatic.js?tim=1693449760179 line 5 > srcScript:4:3417
lock@https://v88.live800.com/live800/chatClient/floatButtonStatic.js?tim=1693449760179 line 5 > srcScript:4:2538
init/<@https://v88.live800.com/live800/chatClient/floatButtonStatic.js?tim=1693449760179 line 5 > srcScript:4:1779

1693450148944	Marionette	INFO	Stopped listening on port 63777
JavaScript error: , line 0: NotFoundError: No such JSWindowActor 'DevToolsFrame'
JavaScript error: , line 0: NotFoundError: No such JSWindowActor 'DevToolsFrame'
JavaScript error: , line 0: NotFoundError: No such JSWindowActor 'DevToolsFrame'
JavaScript error: , line 0: NotFoundError: No such JSWindowActor 'DevToolsFrame'
JavaScript error: , line 0: NotFoundError: No such JSWindowActor 'DevToolsFrame'
JavaScript error: , line 0: NotFoundError: No such JSWindowActor 'DevToolsFrame'
1693450675869	mozrunner::runner	INFO	Running command: "/Applications/Firefox.app/Contents/MacOS/firefox-bin" "-marionette" "-foreground" "-no-remote" "-profile" "/var/folders/51/3vcrsp194fldczrkg0b0zgbr0000gn/T/rust_mozprofileACKsju"
console.warn: services.settings: Ignoring preference override of remote settings server
console.warn: services.settings: Allow by setting MOZ_REMOTE_SETTINGS_DEVTOOLS=1 in the environment
1693450676374	Marionette	INFO	Marionette enabled
1693450676561	Marionette	INFO	Listening on port 64643
1693450676769	RemoteAgent	WARN	TLS certificate errors will be ignored for this session
1693450681540	Marionette	WARN	Ignoring event 'DOMContentLoaded' because document has an invalid readyState of 'complete'.
JavaScript warning: https://g.alicdn.com/AWSC/fireyejs/1.226.0/fireyejs.js, line 1: WEBGL_debug_renderer_info is deprecated in Firefox and will be removed. Please use RENDERER.
console.warn: LoginRecipes: "Falling back to a synchronous message for: https://cnki.net."
console.warn: LoginRecipes: "Falling back to a synchronous message for: https://cnki.net."
console.warn: LoginRecipes: "Falling back to a synchronous message for: https://cnki.net."
JavaScript warning: https://cnki.net/kns/scripts/min/merge.searchbar.min.js?v=2.6, line 1: unreachable code after return statement
JavaScript warning: https://cnki.net/kns/scripts/min/merge.searchbar.min.js?v=2.6, line 8: unreachable code after return statement
JavaScript warning: https://cnki.net/kns/scripts/min/merge.searchbar.min.js?v=2.6, line 12: unreachable code after return statement
JavaScript warning: https://g.alicdn.com/AWSC/fireyejs/1.226.0/fireyejs.js, line 1: WEBGL_debug_renderer_info is deprecated in Firefox and will be removed. Please use RENDERER.
JavaScript error: https://cnki.net/kns/scripts/min/login.min.js?v=2.6, line 1: ReferenceError: getValueFromCookie is not defined
JavaScript warning: https://cnki.net/kns/scripts/min/merge.searchbar.min.js?v=2.6, line 1: unreachable code after return statement
JavaScript warning: https://cnki.net/kns/scripts/min/merge.searchbar.min.js?v=2.6, line 8: unreachable code after return statement
JavaScript warning: https://cnki.net/kns/scripts/min/merge.searchbar.min.js?v=2.6, line 12: unreachable code after return statement
JavaScript warning: https://g.alicdn.com/AWSC/fireyejs/1.226.0/fireyejs.js, line 1: WEBGL_debug_renderer_info is deprecated in Firefox and will be removed. Please use RENDERER.
1693450821476	mozrunner::runner	INFO	Running command: "/Applications/Firefox.app/Contents/MacOS/firefox-bin" "-marionette" "-foreground" "-no-remote" "-profile" "/var/folders/51/3vcrsp194fldczrkg0b0zgbr0000gn/T/rust_mozprofilebJrKnm"
console.warn: services.settings: Ignoring preference override of remote settings server
console.warn: services.settings: Allow by setting MOZ_REMOTE_SETTINGS_DEVTOOLS=1 in the environment
1693450821998	Marionette	INFO	Marionette enabled
1693450822207	Marionette	INFO	Listening on port 64913
1693450822517	RemoteAgent	WARN	TLS certificate errors will be ignored for this session
1693450825476	Marionette	WARN	Ignoring event 'DOMContentLoaded' because document has an invalid readyState of 'complete'.
JavaScript warning: https://g.alicdn.com/AWSC/fireyejs/1.226.0/fireyejs.js, line 1: WEBGL_debug_renderer_info is deprecated in Firefox and will be removed. Please use RENDERER.
console.warn: LoginRecipes: "Falling back to a synchronous message for: https://cnki.net."
console.warn: LoginRecipes: "Falling back to a synchronous message for: https://cnki.net."
console.warn: LoginRecipes: "Falling back to a synchronous message for: https://cnki.net."
JavaScript warning: https://cnki.net/kns/scripts/min/merge.searchbar.min.js?v=2.6, line 1: unreachable code after return statement
JavaScript warning: https://cnki.net/kns/scripts/min/merge.searchbar.min.js?v=2.6, line 8: unreachable code after return statement
JavaScript warning: https://cnki.net/kns/scripts/min/merge.searchbar.min.js?v=2.6, line 12: unreachable code after return statement
JavaScript warning: https://g.alicdn.com/AWSC/fireyejs/1.226.0/fireyejs.js, line 1: WEBGL_debug_renderer_info is deprecated in Firefox and will be removed. Please use RENDERER.
JavaScript warning: https://cnki.net/kns/scripts/min/merge.searchbar.min.js?v=2.6, line 1: unreachable code after return statement
JavaScript warning: https://cnki.net/kns/scripts/min/merge.searchbar.min.js?v=2.6, line 8: unreachable code after return statement
JavaScript warning: https://cnki.net/kns/scripts/min/merge.searchbar.min.js?v=2.6, line 12: unreachable code after return statement
JavaScript warning: https://g.alicdn.com/AWSC/fireyejs/1.226.0/fireyejs.js, line 1: WEBGL_debug_renderer_info is deprecated in Firefox and will be removed. Please use RENDERER.
1693451066578	mozrunner::runner	INFO	Running command: "/Applications/Firefox.app/Contents/MacOS/firefox-bin" "-marionette" "-foreground" "-no-remote" "-profile" "/var/folders/51/3vcrsp194fldczrkg0b0zgbr0000gn/T/rust_mozprofileoGMdaB"
console.warn: services.settings: Ignoring preference override of remote settings server
console.warn: services.settings: Allow by setting MOZ_REMOTE_SETTINGS_DEVTOOLS=1 in the environment
1693451067087	Marionette	INFO	Marionette enabled
1693451067282	Marionette	INFO	Listening on port 65191
1693451067409	RemoteAgent	WARN	TLS certificate errors will be ignored for this session
1693451070327	Marionette	WARN	Ignoring event 'DOMContentLoaded' because document has an invalid readyState of 'complete'.
JavaScript warning: https://g.alicdn.com/AWSC/fireyejs/1.226.0/fireyejs.js, line 1: WEBGL_debug_renderer_info is deprecated in Firefox and will be removed. Please use RENDERER.
console.warn: LoginRecipes: "Falling back to a synchronous message for: https://cnki.net."
console.warn: LoginRecipes: "Falling back to a synchronous message for: https://cnki.net."
console.warn: LoginRecipes: "Falling back to a synchronous message for: https://cnki.net."
JavaScript error: https://cnki.net/kns/scripts/min/login.min.js?v=2.6, line 1: ReferenceError: getValueFromCookie is not defined
JavaScript warning: https://cnki.net/kns/scripts/min/merge.searchbar.min.js?v=2.6, line 1: unreachable code after return statement
JavaScript warning: https://cnki.net/kns/scripts/min/merge.searchbar.min.js?v=2.6, line 8: unreachable code after return statement
JavaScript warning: https://cnki.net/kns/scripts/min/merge.searchbar.min.js?v=2.6, line 12: unreachable code after return statement
JavaScript warning: https://g.alicdn.com/AWSC/fireyejs/1.226.0/fireyejs.js, line 1: WEBGL_debug_renderer_info is deprecated in Firefox and will be removed. Please use RENDERER.
JavaScript warning: https://g.alicdn.com/AWSC/fireyejs/1.226.0/fireyejs.js, line 1: WEBGL_debug_renderer_info is deprecated in Firefox and will be removed. Please use RENDERER.
JavaScript warning: https://cnki.net/kns/scripts/min/merge.searchbar.min.js?v=2.6, line 1: unreachable code after return statement
JavaScript warning: https://cnki.net/kns/scripts/min/merge.searchbar.min.js?v=2.6, line 8: unreachable code after return statement
JavaScript warning: https://cnki.net/kns/scripts/min/merge.searchbar.min.js?v=2.6, line 12: unreachable code after return statement
1693451236385	mozrunner::runner	INFO	Running command: "/Applications/Firefox.app/Contents/MacOS/firefox-bin" "-marionette" "-foreground" "-no-remote" "-profile" "/var/folders/51/3vcrsp194fldczrkg0b0zgbr0000gn/T/rust_mozprofilesx2t9q"
console.warn: services.settings: Ignoring preference override of remote settings server
console.warn: services.settings: Allow by setting MOZ_REMOTE_SETTINGS_DEVTOOLS=1 in the environment
1693451236878	Marionette	INFO	Marionette enabled
1693451237084	Marionette	INFO	Listening on port 65472
1693451237259	RemoteAgent	WARN	TLS certificate errors will be ignored for this session
1693451241279	Marionette	WARN	Ignoring event 'DOMContentLoaded' because document has an invalid readyState of 'complete'.
JavaScript warning: https://g.alicdn.com/AWSC/fireyejs/1.226.0/fireyejs.js, line 1: WEBGL_debug_renderer_info is deprecated in Firefox and will be removed. Please use RENDERER.
console.warn: LoginRecipes: "Falling back to a synchronous message for: https://cnki.net."
console.warn: LoginRecipes: "Falling back to a synchronous message for: https://cnki.net."
console.warn: LoginRecipes: "Falling back to a synchronous message for: https://cnki.net."
JavaScript warning: https://cnki.net/kns/scripts/min/merge.searchbar.min.js?v=2.6, line 1: unreachable code after return statement
JavaScript warning: https://cnki.net/kns/scripts/min/merge.searchbar.min.js?v=2.6, line 8: unreachable code after return statement
JavaScript warning: https://cnki.net/kns/scripts/min/merge.searchbar.min.js?v=2.6, line 12: unreachable code after return statement
JavaScript warning: https://g.alicdn.com/AWSC/fireyejs/1.226.0/fireyejs.js, line 1: WEBGL_debug_renderer_info is deprecated in Firefox and will be removed. Please use RENDERER.
JavaScript error: https://cnki.net/kns/scripts/min/login.min.js?v=2.6, line 1: ReferenceError: getValueFromCookie is not defined
JavaScript warning: https://cnki.net/kns/scripts/min/merge.searchbar.min.js?v=2.6, line 1: unreachable code after return statement
JavaScript warning: https://cnki.net/kns/scripts/min/merge.searchbar.min.js?v=2.6, line 8: unreachable code after return statement
JavaScript warning: https://cnki.net/kns/scripts/min/merge.searchbar.min.js?v=2.6, line 12: unreachable code after return statement
JavaScript warning: https://g.alicdn.com/AWSC/fireyejs/1.226.0/fireyejs.js, line 1: WEBGL_debug_renderer_info is deprecated in Firefox and will be removed. Please use RENDERER.
1693451356141	Marionette	INFO	Stopped listening on port 63335
1693451359847	Marionette	INFO	Stopped listening on port 65472
console.warn: TopSitesFeed: Failed to fetch data from Contile server: NetworkError when attempting to fetch resource.
1693451362107	Marionette	INFO	Stopped listening on port 65191
console.warn: TopSitesFeed: Failed to fetch data from Contile server: NetworkError when attempting to fetch resource.
JavaScript warning: https://v88.live800.com/live800/chatClient/floatButtonStatic.js?tim=1693450911847, line 4: Script terminated by timeout at:
init/<@https://v88.live800.com/live800/chatClient/floatButtonStatic.js?tim=1693450911847:4:1772

1693451366557	Marionette	INFO	Stopped listening on port 64913
JavaScript warning: https://v88.live800.com/live800/chatClient/floatButtonStatic.js?tim=1693450746403 line 5 > srcScript, line 4: Script terminated by timeout at:
init/<@https://v88.live800.com/live800/chatClient/floatButtonStatic.js?tim=1693450746403 line 5 > srcScript:4:1772

JavaScript warning: https://cnki.net/kns/scripts/min/merge.searchbar.min.js?v=2.6 line 5 > srcScript, line 3: Script terminated by timeout at:
f@https://cnki.net/kns/scripts/min/merge.searchbar.min.js?v=2.6 line 5 > srcScript:3:7029
c.BrowserTab/<@https://cnki.net/kns/scripts/min/merge.searchbar.min.js?v=2.6 line 5 > srcScript:3:7071

1693451398627	Marionette	INFO	Stopped listening on port 64643
JavaScript warning: https://v88.live800.com/live800/chatClient/floatButtonStatic.js?tim=1693449447879, line 4: Script terminated by timeout at:
init/<@https://v88.live800.com/live800/chatClient/floatButtonStatic.js?tim=1693449447879:4:1772

1693451406223	Marionette	INFO	Stopped listening on port 63494
1693772906195	mozrunner::runner	INFO	Running command: "/Applications/Firefox.app/Contents/MacOS/firefox-bin" "-marionette" "-foreground" "-no-remote" "-profile" "/var/folders/51/3vcrsp194fldczrkg0b0zgbr0000gn/T/rust_mozprofilewJUZjU"
console.warn: services.settings: Ignoring preference override of remote settings server
console.warn: services.settings: Allow by setting MOZ_REMOTE_SETTINGS_DEVTOOLS=1 in the environment
1693772922362	Marionette	INFO	Marionette enabled
1693772922527	Marionette	INFO	Listening on port 64785
UNSUPPORTED (log once): POSSIBLE ISSUE: unit 1 GLD_TEXTURE_INDEX_2D is unloadable and bound to sampler type (Float) - using zero texture because texture unloadable
1693772936570	mozrunner::runner	INFO	Running command: "/Applications/Firefox.app/Contents/MacOS/firefox-bin" "-marionette" "-foreground" "-no-remote" "-profile" "/var/folders/51/3vcrsp194fldczrkg0b0zgbr0000gn/T/rust_mozprofileeDUoak"
console.warn: services.settings: Ignoring preference override of remote settings server
console.warn: services.settings: Allow by setting MOZ_REMOTE_SETTINGS_DEVTOOLS=1 in the environment
1693772950271	Marionette	INFO	Marionette enabled
1693772950623	Marionette	INFO	Listening on port 64962
1693772950682	RemoteAgent	WARN	TLS certificate errors will be ignored for this session
1693772954932	Marionette	WARN	Ignoring event 'DOMContentLoaded' because document has an invalid readyState of 'complete'.
JavaScript warning: https://g.alicdn.com/AWSC/fireyejs/1.226.0/fireyejs.js, line 1: WEBGL_debug_renderer_info is deprecated in Firefox and will be removed. Please use RENDERER.
JavaScript warning: https://g.alicdn.com/AWSC/fireyejs/1.226.0/fireyejs.js, line 1: WEBGL_debug_renderer_info is deprecated in Firefox and will be removed. Please use RENDERER.
1693773037547	mozrunner::runner	INFO	Running command: "/Applications/Firefox.app/Contents/MacOS/firefox-bin" "-marionette" "-foreground" "-no-remote" "-profile" "/var/folders/51/3vcrsp194fldczrkg0b0zgbr0000gn/T/rust_mozprofile5uPD2R"
console.warn: services.settings: Ignoring preference override of remote settings server
console.warn: services.settings: Allow by setting MOZ_REMOTE_SETTINGS_DEVTOOLS=1 in the environment
1693773038010	Marionette	INFO	Marionette enabled
1693773038292	Marionette	INFO	Listening on port 65272
1693773038347	RemoteAgent	WARN	TLS certificate errors will be ignored for this session
1693773042126	Marionette	WARN	Ignoring event 'DOMContentLoaded' because document has an invalid readyState of 'complete'.
JavaScript warning: https://g.alicdn.com/AWSC/fireyejs/1.226.0/fireyejs.js, line 1: WEBGL_debug_renderer_info is deprecated in Firefox and will be removed. Please use RENDERER.
console.warn: LoginRecipes: "Falling back to a synchronous message for: https://cnki.net."
console.warn: LoginRecipes: "Falling back to a synchronous message for: https://cnki.net."
console.warn: LoginRecipes: "Falling back to a synchronous message for: https://cnki.net."
JavaScript error: https://cnki.net/kns/scripts/min/login.min.js?v=2.6, line 1: ReferenceError: getValueFromCookie is not defined
JavaScript warning: https://cnki.net/kns/scripts/min/merge.searchbar.min.js?v=2.6, line 1: unreachable code after return statement
JavaScript warning: https://cnki.net/kns/scripts/min/merge.searchbar.min.js?v=2.6, line 8: unreachable code after return statement
JavaScript warning: https://cnki.net/kns/scripts/min/merge.searchbar.min.js?v=2.6, line 12: unreachable code after return statement
JavaScript warning: https://g.alicdn.com/AWSC/fireyejs/1.226.0/fireyejs.js, line 1: WEBGL_debug_renderer_info is deprecated in Firefox and will be removed. Please use RENDERER.
JavaScript error: https://cnki.net/kns/scripts/min/login.min.js?v=2.6, line 1: ReferenceError: getValueFromCookie is not defined
JavaScript warning: https://cnki.net/kns/scripts/min/merge.searchbar.min.js?v=2.6, line 1: unreachable code after return statement
JavaScript warning: https://cnki.net/kns/scripts/min/merge.searchbar.min.js?v=2.6, line 8: unreachable code after return statement
JavaScript warning: https://cnki.net/kns/scripts/min/merge.searchbar.min.js?v=2.6, line 12: unreachable code after return statement
JavaScript warning: https://g.alicdn.com/AWSC/fireyejs/1.226.0/fireyejs.js, line 1: WEBGL_debug_renderer_info is deprecated in Firefox and will be removed. Please use RENDERER.
JavaScript warning: https://cnki.net/kns/scripts/min/merge.searchbar.min.js?v=2.6, line 1: unreachable code after return statement
JavaScript warning: https://cnki.net/kns/scripts/min/merge.searchbar.min.js?v=2.6, line 8: unreachable code after return statement
JavaScript warning: https://cnki.net/kns/scripts/min/merge.searchbar.min.js?v=2.6, line 12: unreachable code after return statement
JavaScript warning: https://g.alicdn.com/AWSC/fireyejs/1.226.0/fireyejs.js, line 1: WEBGL_debug_renderer_info is deprecated in Firefox and will be removed. Please use RENDERER.
JavaScript warning: https://v88.live800.com/live800/chatClient/floatButtonStatic.js?tim=1693773005578, line 4: Script terminated by timeout at:
init/<@https://v88.live800.com/live800/chatClient/floatButtonStatic.js?tim=1693773005578:4:1772

1693773287735	Marionette	INFO	Stopped listening on port 64962
1693781153889	Marionette	INFO	Stopped listening on port 64785
JavaScript warning: https://realtime.getbeamer.com/socket.io/socket.io.min.js, line 0: https://realtime.getbeamer.com/socket.io/socket.io.min.js is being assigned a //# sourceMappingURL, but already has one
JavaScript error: https://d1a7p14oqam61r.cloudfront.net/packs/vendors~dashboard~main~waiting_room-c521b29f31f2c9179c03.js, line 2: Error: Model is disposed!
console.warn: LoginRecipes: "Falling back to a synchronous message for: https://www.google.com."
JavaScript warning: https://www.google.com/xjs/_/js/k=xjs.snr.en_US.5A1Hx1XqCCg.O/am=ChCAAAEQAAAAAQACAKB6wiGTjeIB_rkPAAAYBEABAAAAAOiKAMAEQPD-E4kBAEAACIAJIAbXAABKqAJ2AAAAYOwHAEAAAEBYAIwXANAIgA8hQAEQAAAAAHkAcB5AcDDhAQAAAAAAAAAAAARcgmBwQHosIAACAAAAAAAAAAAApJLJywEEAMA/d=1/ed=1/dg=2/rs=ACT90oH6rIhSST61JmhKQJBYXK7Ude5dhw/ee=cEt90b:ws9Tlc;qddgKe:x4FYXe,d7YSfd;yxTchf:KUM7Z;dtl0hd:lLQWFe;eHDfl:ofjVkb;qaS3gd:yiLg6e;nAFL3:NTMZac,s39S4;oGtAuc:sOXFj;iFQyKf:vfuNJf,QIhFr;SNUn3:ZwDk9d,x8cHvb;io8t5d:sgY6Zb;Oj465e:KG2eXe,KG2eXe;Erl4fe:FloWmf,FloWmf;JsbNhc:Xd8iUd;sP4Vbe:VwDzFe;kMFpHd:OTA3Ae;uY49fb:COQbmf;Pjplud:PoEs9b,EEDORb;QGR0gd:Mlhmy;a56pNe:JEfCwb;Me32dd:MEeYgc;wR5FRb:TtcOte,O1Gjze;pXdRYb:JKoKVe,MdUzUe;dIoSBb:ZgGg9b;EmZ2Bf:zr1jrb;NSEoX:lazG7b;eBAeSb:Ck63tb;WCEKNd:I46Hvd;wV5Pjc:L8KGxe;EVNhjf:pw70Gc;sTsDMc:kHVSUb;wQlYve:aLUfP;zOsCQe:Ko78Df;KcokUb:KiuZBf;YV5bee:IvPZ6d;kbAm9d:MkHyGd;ZWEUA:afR4Cf;g8nkx:U4MzKc;lzgfYb:PI40bd;w9w86d:dt4g2b;GleZL:J1A7Od;bcPXSc:gSZLJb;JXS8fb:Qj0suc;IoGlCf:b5lhvb;vfVwPd:OXTqFb;ESrPQc:mNTJvc;qavrXe:zQzcXe,mYbt1d;pNsl2d:j9Yuyc;VGRfx:VFqbr;BjwMce:cXX2Wb;R9Ulx:CR7Ufe;kY7VAf:d91TEb;KpRAue:Tia57b;jY0zg:Q6tNgc;l8Azde:j4Ca9b;oSUNyd:fTfGO,fTfGO,vjQg0b;SMDL4c:fTfGO,vjQg0b;aZ61od:arTwJ;ZrFutb:W4Cdfc;K8vqCc:MyIcle;NPKaK:SdcwHb;LBgRLc:XVMNvd,SdcwHb;rQSrae:C6D5Fc;kCQyJ:ueyPK;KQzWid:mB4wNe;EABSZ:MXZt9d;TxfV6d:YORN0b;UDrY1c:eps46d;F9mqte:UoRcbe;Nyt6ic:jn2sGd;w3bZCb:ZPGaIb;G0KhTb:LIaoZ;aAJE9c:WHW6Ef;V2HTTe:RolTY;Wfmdue:g3MJlb;imqimf:jKGL2e;BgS6mb:fidj5d;UVmjEd:EesRsb;z97YGf:oug9te;AfeaP:TkrAjf;eBZ5Nd:audvde;CxXAWb:YyRLvc;VN6jIc:ddQyuf;SLtqO:Kh1xYe;tosKvd:ZCqP3;VOcgDe:YquhTb;uuQkY:u2V3ud;WDGyFe:jcVOxd;trZL0b:qY8PFe;VxQ32b:k0XsBb;DULqB:RKfG5c;Np8Qkd:Dpx6qc;cFTWae:gT8qnd;gaub4:TN6bMe;xBbsrc:NEW1Qc;DpcR3d:zL72xf;hjRo6e:F62sG;yGxLoc:FmAr0c;oUlnpc:RagDlc;R2kc8b:ALJqWb;pj82le:mg5CW;dLlj2:Qqt3Gf;qGV2uc:HHi04c;gtVSi:ekUOYd;UyG7Kb:wQd0G;LsNahb:ucGLNb;xbe2wc:uRMPBc;Q1Ow7b:x5CSu;okUaUd:wItadb;G6wU6e:hezEbd;uknmt:GkPrzb;PqHfGe:im2cZe;Fmv9Nc:O1Tzwc;hK67qb:QWEO5b;BMxAGc:E5bFse;R4IIIb:QWfeKf;whEZac:F4AmNb;tH4IIe:Ymry6;zxnPse:GkRiKb;xqZiqf:wmnU7d;lkq0A:Z0MWEf;daB6be:lMxGPd;U96pRd:FsR04;LEikZe:byfTOb,lsjVmc/m=attn,cdos,cr,gwc,hsm,jsanr,mb4ZUb,d,csi,cEt90b,SNUn3,qddgKe,sTsDMc,dtl0hd,eHDfl, line 406: Script terminated by timeout at:
b@https://www.google.com/xjs/_/js/k=xjs.snr.en_US.5A1Hx1XqCCg.O/am=ChCAAAEQAAAAAQACAKB6wiGTjeIB_rkPAAAYBEABAAAAAOiKAMAEQPD-E4kBAEAACIAJIAbXAABKqAJ2AAAAYOwHAEAAAEBYAIwXANAIgA8hQAEQAAAAAHkAcB5AcDDhAQAAAAAAAAAAAARcgmBwQHosIAACAAAAAAAAAAAApJLJywEEAMA/d=1/ed=1/dg=2/rs=ACT90oH6rIhSST61JmhKQJBYXK7Ude5dhw/ee=cEt90b:ws9Tlc;qddgKe:x4FYXe,d7YSfd;yxTchf:KUM7Z;dtl0hd:lLQWFe;eHDfl:ofjVkb;qaS3gd:yiLg6e;nAFL3:NTMZac,s39S4;oGtAuc:sOXFj;iFQyKf:vfuNJf,QIhFr;SNUn3:ZwDk9d,x8cHvb;io8t5d:sgY6Zb;Oj465e:KG2eXe,KG2eXe;Erl4fe:FloWmf,FloWmf;JsbNhc:Xd8iUd;sP4Vbe:VwDzFe;kMFpHd:OTA3Ae;uY49fb:COQbmf;Pjplud:PoEs9b,EEDORb;QGR0gd:Mlhmy;a56pNe:JEfCwb;Me32dd:MEeYgc;wR5FRb:TtcOte,O1Gjze;pXdRYb:JKoKVe,MdUzUe;dIoSBb:ZgGg9b;EmZ2Bf:zr1jrb;NSEoX:lazG7b;eBAeSb:Ck63tb;WCEKNd:I46Hvd;wV5Pjc:L8KGxe;EVNhjf:pw70Gc;sTsDMc:kHVSUb;wQlYve:aLUfP;zOsCQe:Ko78Df;KcokUb:KiuZBf;YV5bee:IvPZ6d;kbAm9d:MkHyGd;ZWEUA:afR4Cf;g8nkx:U4MzKc;lzgfYb:PI40bd;w9w86d:dt4g2b;GleZL:J1A7Od;bcPXSc:gSZLJb;JXS8fb:Qj0suc;IoGlCf:b5lhvb;vfVwPd:OXTqFb;ESrPQc:mNTJvc;qavrXe:zQzcXe,mYbt1d;pNsl2d:j9Yuyc;VGRfx:VFqbr;BjwMce:cXX2Wb;R9Ulx:CR7Ufe;kY7VAf:d91TEb;KpRAue:Tia57b;jY0zg:Q6tNgc;l8Azde:j4Ca9b;oSUNyd:fTfGO,fTfGO,vjQg0b;SMDL4c:fTfGO,vjQg0b;aZ61od:arTwJ;ZrFutb:W4Cdfc;K8vqCc:MyIcle;NPKaK:SdcwHb;LBgRLc:XVMNvd,SdcwHb;rQSrae:C6D5Fc;kCQyJ:ueyPK;KQzWid:mB4wNe;EABSZ:MXZt9d;TxfV6d:YORN0b;UDrY1c:eps46d;F9mqte:UoRcbe;Nyt6ic:jn2sGd;w3bZCb:ZPGaIb;G0KhTb:LIaoZ;aAJE9c:WHW6Ef;V2HTTe:RolTY;Wfmdue:g3MJlb;imqimf:jKGL2e;BgS6mb:fidj5d;UVmjEd:EesRsb;z97YGf:oug9te;AfeaP:TkrAjf;eBZ5Nd:audvde;CxXAWb:YyRLvc;VN6jIc:ddQyuf;SLtqO:Kh1xYe;tosKvd:ZCqP3;VOcgDe:YquhTb;uuQkY:u2V3ud;WDGyFe:jcVOxd;trZL0b:qY8PFe;VxQ32b:k0XsBb;DULqB:RKfG5c;Np8Qkd:Dpx6qc;cFTWae:gT8qnd;gaub4:TN6bMe;xBbsrc:NEW1Qc;DpcR3d:zL72xf;hjRo6e:F62sG;yGxLoc:FmAr0c;oUlnpc:RagDlc;R2kc8b:ALJqWb;pj82le:mg5CW;dLlj2:Qqt3Gf;qGV2uc:HHi04c;gtVSi:ekUOYd;UyG7Kb:wQd0G;LsNahb:ucGLNb;xbe2wc:uRMPBc;Q1Ow7b:x5CSu;okUaUd:wItadb;G6wU6e:hezEbd;uknmt:GkPrzb;PqHfGe:im2cZe;Fmv9Nc:O1Tzwc;hK67qb:QWEO5b;BMxAGc:E5bFse;R4IIIb:QWfeKf;whEZac:F4AmNb;tH4IIe:Ymry6;zxnPse:GkRiKb;xqZiqf:wmnU7d;lkq0A:Z0MWEf;daB6be:lMxGPd;U96pRd:FsR04;LEikZe:byfTOb,lsjVmc/m=attn,cdos,cr,gwc,hsm,jsanr,mb4ZUb,d,csi,cEt90b,SNUn3,qddgKe,sTsDMc,dtl0hd,eHDfl:406:40

JavaScript warning: https://www.googletagmanager.com/gtag/js?id=G-HL38R6X1Q3&l=dataLayer&cx=c, line 418: Script terminated by timeout at:
aa.lh@https://www.googletagmanager.com/gtag/js?id=G-HL38R6X1Q3&l=dataLayer&cx=c:418:89
get@https://www.googletagmanager.com/gtag/js?id=G-HL38R6X1Q3&l=dataLayer&cx=c:416:119
stop@https://www.googletagmanager.com/gtag/js?id=G-HL38R6X1Q3&l=dataLayer&cx=c:416:87
aa.vk/c/<@https://www.googletagmanager.com/gtag/js?id=G-HL38R6X1Q3&l=dataLayer&cx=c:416:412

console.warn: LoginRecipes: "Falling back to a synchronous message for: https://www.google.com."
console.warn: LoginRecipes: "Falling back to a synchronous message for: https://www.google.com."
JavaScript warning: https://renderer-assets.typeform.com/modern-renderer.0ba0d0aa898e07b71c2a.js, line 16: unreachable code after return statement
JavaScript warning: https://renderer-assets.typeform.com/modern-renderer.0ba0d0aa898e07b71c2a.js, line 16: unreachable code after return statement
JavaScript warning: https://static.cloudflareinsights.com/beacon.min.js/v8b253dfea2ab4077af8c6f58422dfbfd1689876627854, line 1: Script terminated by timeout at:
f@https://static.cloudflareinsights.com/beacon.min.js/v8b253dfea2ab4077af8c6f58422dfbfd1689876627854:1:13980
104/M/</<@https://static.cloudflareinsights.com/beacon.min.js/v8b253dfea2ab4077af8c6f58422dfbfd1689876627854:1:14063
104/T/<@https://static.cloudflareinsights.com/beacon.min.js/v8b253dfea2ab4077af8c6f58422dfbfd1689876627854:1:11926
t@https://static.cloudflareinsights.com/beacon.min.js/v8b253dfea2ab4077af8c6f58422dfbfd1689876627854:1:11797

JavaScript warning: https://coderpad.typeform.com/to/cMBqes8C?browser=Firefox+117.0%3B+Macintosh+10.15&organization=ModernFi&slug=96YGPRDQ&used_focus_time=false&user=andrew%40modernfi.com, line 143: Script terminated by timeout at:
ar</s</t<@https://coderpad.typeform.com/to/cMBqes8C?browser=Firefox+117.0%3B+Macintosh+10.15&organization=ModernFi&slug=96YGPRDQ&used_focus_time=false&user=andrew%40modernfi.com:143:44954
f@https://coderpad.typeform.com/to/cMBqes8C?browser=Firefox+117.0%3B+Macintosh+10.15&organization=ModernFi&slug=96YGPRDQ&used_focus_time=false&user=andrew%40modernfi.com:143:962
c/<@https://coderpad.typeform.com/to/cMBqes8C?browser=Firefox+117.0%3B+Macintosh+10.15&organization=ModernFi&slug=96YGPRDQ&used_focus_time=false&user=andrew%40modernfi.com:143:910

JavaScript warning: https://www.google.com/xjs/_/js/k=xjs.snr.en_US.5A1Hx1XqCCg.O/am=ChCAAAEQAAAAAQACAKB6wiGTjeIB_rkPAAAYBEABAAAAAOiKAMAEQPD-E4kBAEAACIAJIAbXAABKqAJ2AAAAYOwHAEAAAEBYAIwXANAIgA8hQAEQAAAAAHkAcB5AcDDhAQAAAAAAAAAAAARcgmBwQHosIAACAAAAAAAAAAAApJLJywEEAMA/d=1/ed=1/dg=2/rs=ACT90oH6rIhSST61JmhKQJBYXK7Ude5dhw/ee=cEt90b:ws9Tlc;qddgKe:x4FYXe,d7YSfd;yxTchf:KUM7Z;dtl0hd:lLQWFe;eHDfl:ofjVkb;qaS3gd:yiLg6e;nAFL3:NTMZac,s39S4;oGtAuc:sOXFj;iFQyKf:vfuNJf,QIhFr;SNUn3:ZwDk9d,x8cHvb;io8t5d:sgY6Zb;Oj465e:KG2eXe,KG2eXe;Erl4fe:FloWmf,FloWmf;JsbNhc:Xd8iUd;sP4Vbe:VwDzFe;kMFpHd:OTA3Ae;uY49fb:COQbmf;Pjplud:PoEs9b,EEDORb;QGR0gd:Mlhmy;a56pNe:JEfCwb;Me32dd:MEeYgc;wR5FRb:TtcOte,O1Gjze;pXdRYb:JKoKVe,MdUzUe;dIoSBb:ZgGg9b;EmZ2Bf:zr1jrb;NSEoX:lazG7b;eBAeSb:Ck63tb;WCEKNd:I46Hvd;wV5Pjc:L8KGxe;EVNhjf:pw70Gc;sTsDMc:kHVSUb;wQlYve:aLUfP;zOsCQe:Ko78Df;KcokUb:KiuZBf;YV5bee:IvPZ6d;kbAm9d:MkHyGd;ZWEUA:afR4Cf;g8nkx:U4MzKc;lzgfYb:PI40bd;w9w86d:dt4g2b;GleZL:J1A7Od;bcPXSc:gSZLJb;JXS8fb:Qj0suc;IoGlCf:b5lhvb;vfVwPd:OXTqFb;ESrPQc:mNTJvc;qavrXe:zQzcXe,mYbt1d;pNsl2d:j9Yuyc;VGRfx:VFqbr;BjwMce:cXX2Wb;R9Ulx:CR7Ufe;kY7VAf:d91TEb;KpRAue:Tia57b;jY0zg:Q6tNgc;l8Azde:j4Ca9b;oSUNyd:fTfGO,fTfGO,vjQg0b;SMDL4c:fTfGO,vjQg0b;aZ61od:arTwJ;ZrFutb:W4Cdfc;K8vqCc:MyIcle;NPKaK:SdcwHb;LBgRLc:XVMNvd,SdcwHb;rQSrae:C6D5Fc;kCQyJ:ueyPK;KQzWid:mB4wNe;EABSZ:MXZt9d;TxfV6d:YORN0b;UDrY1c:eps46d;F9mqte:UoRcbe;Nyt6ic:jn2sGd;w3bZCb:ZPGaIb;G0KhTb:LIaoZ;aAJE9c:WHW6Ef;V2HTTe:RolTY;Wfmdue:g3MJlb;imqimf:jKGL2e;BgS6mb:fidj5d;UVmjEd:EesRsb;z97YGf:oug9te;AfeaP:TkrAjf;eBZ5Nd:audvde;CxXAWb:YyRLvc;VN6jIc:ddQyuf;SLtqO:Kh1xYe;tosKvd:ZCqP3;VOcgDe:YquhTb;uuQkY:u2V3ud;WDGyFe:jcVOxd;trZL0b:qY8PFe;VxQ32b:k0XsBb;DULqB:RKfG5c;Np8Qkd:Dpx6qc;cFTWae:gT8qnd;gaub4:TN6bMe;xBbsrc:NEW1Qc;DpcR3d:zL72xf;hjRo6e:F62sG;yGxLoc:FmAr0c;oUlnpc:RagDlc;R2kc8b:ALJqWb;pj82le:mg5CW;dLlj2:Qqt3Gf;qGV2uc:HHi04c;gtVSi:ekUOYd;UyG7Kb:wQd0G;LsNahb:ucGLNb;xbe2wc:uRMPBc;Q1Ow7b:x5CSu;okUaUd:wItadb;G6wU6e:hezEbd;uknmt:GkPrzb;PqHfGe:im2cZe;Fmv9Nc:O1Tzwc;hK67qb:QWEO5b;BMxAGc:E5bFse;R4IIIb:QWfeKf;whEZac:F4AmNb;tH4IIe:Ymry6;zxnPse:GkRiKb;xqZiqf:wmnU7d;lkq0A:Z0MWEf;daB6be:lMxGPd;U96pRd:FsR04;LEikZe:byfTOb,lsjVmc/m=attn,cdos,cr,gwc,hsm,jsanr,mb4ZUb,d,csi,cEt90b,SNUn3,qddgKe,sTsDMc,dtl0hd,eHDfl, line 406: Script terminated by timeout at:
b@https://www.google.com/xjs/_/js/k=xjs.snr.en_US.5A1Hx1XqCCg.O/am=ChCAAAEQAAAAAQACAKB6wiGTjeIB_rkPAAAYBEABAAAAAOiKAMAEQPD-E4kBAEAACIAJIAbXAABKqAJ2AAAAYOwHAEAAAEBYAIwXANAIgA8hQAEQAAAAAHkAcB5AcDDhAQAAAAAAAAAAAARcgmBwQHosIAACAAAAAAAAAAAApJLJywEEAMA/d=1/ed=1/dg=2/rs=ACT90oH6rIhSST61JmhKQJBYXK7Ude5dhw/ee=cEt90b:ws9Tlc;qddgKe:x4FYXe,d7YSfd;yxTchf:KUM7Z;dtl0hd:lLQWFe;eHDfl:ofjVkb;qaS3gd:yiLg6e;nAFL3:NTMZac,s39S4;oGtAuc:sOXFj;iFQyKf:vfuNJf,QIhFr;SNUn3:ZwDk9d,x8cHvb;io8t5d:sgY6Zb;Oj465e:KG2eXe,KG2eXe;Erl4fe:FloWmf,FloWmf;JsbNhc:Xd8iUd;sP4Vbe:VwDzFe;kMFpHd:OTA3Ae;uY49fb:COQbmf;Pjplud:PoEs9b,EEDORb;QGR0gd:Mlhmy;a56pNe:JEfCwb;Me32dd:MEeYgc;wR5FRb:TtcOte,O1Gjze;pXdRYb:JKoKVe,MdUzUe;dIoSBb:ZgGg9b;EmZ2Bf:zr1jrb;NSEoX:lazG7b;eBAeSb:Ck63tb;WCEKNd:I46Hvd;wV5Pjc:L8KGxe;EVNhjf:pw70Gc;sTsDMc:kHVSUb;wQlYve:aLUfP;zOsCQe:Ko78Df;KcokUb:KiuZBf;YV5bee:IvPZ6d;kbAm9d:MkHyGd;ZWEUA:afR4Cf;g8nkx:U4MzKc;lzgfYb:PI40bd;w9w86d:dt4g2b;GleZL:J1A7Od;bcPXSc:gSZLJb;JXS8fb:Qj0suc;IoGlCf:b5lhvb;vfVwPd:OXTqFb;ESrPQc:mNTJvc;qavrXe:zQzcXe,mYbt1d;pNsl2d:j9Yuyc;VGRfx:VFqbr;BjwMce:cXX2Wb;R9Ulx:CR7Ufe;kY7VAf:d91TEb;KpRAue:Tia57b;jY0zg:Q6tNgc;l8Azde:j4Ca9b;oSUNyd:fTfGO,fTfGO,vjQg0b;SMDL4c:fTfGO,vjQg0b;aZ61od:arTwJ;ZrFutb:W4Cdfc;K8vqCc:MyIcle;NPKaK:SdcwHb;LBgRLc:XVMNvd,SdcwHb;rQSrae:C6D5Fc;kCQyJ:ueyPK;KQzWid:mB4wNe;EABSZ:MXZt9d;TxfV6d:YORN0b;UDrY1c:eps46d;F9mqte:UoRcbe;Nyt6ic:jn2sGd;w3bZCb:ZPGaIb;G0KhTb:LIaoZ;aAJE9c:WHW6Ef;V2HTTe:RolTY;Wfmdue:g3MJlb;imqimf:jKGL2e;BgS6mb:fidj5d;UVmjEd:EesRsb;z97YGf:oug9te;AfeaP:TkrAjf;eBZ5Nd:audvde;CxXAWb:YyRLvc;VN6jIc:ddQyuf;SLtqO:Kh1xYe;tosKvd:ZCqP3;VOcgDe:YquhTb;uuQkY:u2V3ud;WDGyFe:jcVOxd;trZL0b:qY8PFe;VxQ32b:k0XsBb;DULqB:RKfG5c;Np8Qkd:Dpx6qc;cFTWae:gT8qnd;gaub4:TN6bMe;xBbsrc:NEW1Qc;DpcR3d:zL72xf;hjRo6e:F62sG;yGxLoc:FmAr0c;oUlnpc:RagDlc;R2kc8b:ALJqWb;pj82le:mg5CW;dLlj2:Qqt3Gf;qGV2uc:HHi04c;gtVSi:ekUOYd;UyG7Kb:wQd0G;LsNahb:ucGLNb;xbe2wc:uRMPBc;Q1Ow7b:x5CSu;okUaUd:wItadb;G6wU6e:hezEbd;uknmt:GkPrzb;PqHfGe:im2cZe;Fmv9Nc:O1Tzwc;hK67qb:QWEO5b;BMxAGc:E5bFse;R4IIIb:QWfeKf;whEZac:F4AmNb;tH4IIe:Ymry6;zxnPse:GkRiKb;xqZiqf:wmnU7d;lkq0A:Z0MWEf;daB6be:lMxGPd;U96pRd:FsR04;LEikZe:byfTOb,lsjVmc/m=attn,cdos,cr,gwc,hsm,jsanr,mb4ZUb,d,csi,cEt90b,SNUn3,qddgKe,sTsDMc,dtl0hd,eHDfl:406:40

JavaScript warning: https://www.youtube.com/s/player/0a835141/www-embed-player.vflset/www-embed-player.js, line 849: Script terminated by timeout at:
Sk/<@https://www.youtube.com/s/player/0a835141/www-embed-player.vflset/www-embed-player.js:849:47

JavaScript warning: https://www.google.com/xjs/_/js/k=xjs.snr.en_US.5A1Hx1XqCCg.O/am=ChCAAAEQAAAAAQACAKB6wiGTjeIB_rkPAAAYBEABAAAAAOiKAMAEQPD-E4kBAEAACIAJIAbXAABKqAJ2AAAAYOwHAEAAAEBYAIwXANAIgA8hQAEQAAAAAHkAcB5AcDDhAQAAAAAAAAAAAARcgmBwQHosIAACAAAAAAAAAAAApJLJywEEAMA/d=1/ed=1/dg=2/rs=ACT90oH6rIhSST61JmhKQJBYXK7Ude5dhw/ee=cEt90b:ws9Tlc;qddgKe:x4FYXe,d7YSfd;yxTchf:KUM7Z;dtl0hd:lLQWFe;eHDfl:ofjVkb;qaS3gd:yiLg6e;nAFL3:NTMZac,s39S4;oGtAuc:sOXFj;iFQyKf:vfuNJf,QIhFr;SNUn3:ZwDk9d,x8cHvb;io8t5d:sgY6Zb;Oj465e:KG2eXe,KG2eXe;Erl4fe:FloWmf,FloWmf;JsbNhc:Xd8iUd;sP4Vbe:VwDzFe;kMFpHd:OTA3Ae;uY49fb:COQbmf;Pjplud:PoEs9b,EEDORb;QGR0gd:Mlhmy;a56pNe:JEfCwb;Me32dd:MEeYgc;wR5FRb:TtcOte,O1Gjze;pXdRYb:JKoKVe,MdUzUe;dIoSBb:ZgGg9b;EmZ2Bf:zr1jrb;NSEoX:lazG7b;eBAeSb:Ck63tb;WCEKNd:I46Hvd;wV5Pjc:L8KGxe;EVNhjf:pw70Gc;sTsDMc:kHVSUb;wQlYve:aLUfP;zOsCQe:Ko78Df;KcokUb:KiuZBf;YV5bee:IvPZ6d;kbAm9d:MkHyGd;ZWEUA:afR4Cf;g8nkx:U4MzKc;lzgfYb:PI40bd;w9w86d:dt4g2b;GleZL:J1A7Od;bcPXSc:gSZLJb;JXS8fb:Qj0suc;IoGlCf:b5lhvb;vfVwPd:OXTqFb;ESrPQc:mNTJvc;qavrXe:zQzcXe,mYbt1d;pNsl2d:j9Yuyc;VGRfx:VFqbr;BjwMce:cXX2Wb;R9Ulx:CR7Ufe;kY7VAf:d91TEb;KpRAue:Tia57b;jY0zg:Q6tNgc;l8Azde:j4Ca9b;oSUNyd:fTfGO,fTfGO,vjQg0b;SMDL4c:fTfGO,vjQg0b;aZ61od:arTwJ;ZrFutb:W4Cdfc;K8vqCc:MyIcle;NPKaK:SdcwHb;LBgRLc:XVMNvd,SdcwHb;rQSrae:C6D5Fc;kCQyJ:ueyPK;KQzWid:mB4wNe;EABSZ:MXZt9d;TxfV6d:YORN0b;UDrY1c:eps46d;F9mqte:UoRcbe;Nyt6ic:jn2sGd;w3bZCb:ZPGaIb;G0KhTb:LIaoZ;aAJE9c:WHW6Ef;V2HTTe:RolTY;Wfmdue:g3MJlb;imqimf:jKGL2e;BgS6mb:fidj5d;UVmjEd:EesRsb;z97YGf:oug9te;AfeaP:TkrAjf;eBZ5Nd:audvde;CxXAWb:YyRLvc;VN6jIc:ddQyuf;SLtqO:Kh1xYe;tosKvd:ZCqP3;VOcgDe:YquhTb;uuQkY:u2V3ud;WDGyFe:jcVOxd;trZL0b:qY8PFe;VxQ32b:k0XsBb;DULqB:RKfG5c;Np8Qkd:Dpx6qc;cFTWae:gT8qnd;gaub4:TN6bMe;xBbsrc:NEW1Qc;DpcR3d:zL72xf;hjRo6e:F62sG;yGxLoc:FmAr0c;oUlnpc:RagDlc;R2kc8b:ALJqWb;pj82le:mg5CW;dLlj2:Qqt3Gf;qGV2uc:HHi04c;gtVSi:ekUOYd;UyG7Kb:wQd0G;LsNahb:ucGLNb;xbe2wc:uRMPBc;Q1Ow7b:x5CSu;okUaUd:wItadb;G6wU6e:hezEbd;uknmt:GkPrzb;PqHfGe:im2cZe;Fmv9Nc:O1Tzwc;hK67qb:QWEO5b;BMxAGc:E5bFse;R4IIIb:QWfeKf;whEZac:F4AmNb;tH4IIe:Ymry6;zxnPse:GkRiKb;xqZiqf:wmnU7d;lkq0A:Z0MWEf;daB6be:lMxGPd;U96pRd:FsR04;LEikZe:byfTOb,lsjVmc/m=attn,cdos,cr,gwc,hsm,jsanr,mb4ZUb,d,csi,cEt90b,SNUn3,qddgKe,sTsDMc,dtl0hd,eHDfl, line 393: Script terminated by timeout at:
_.Pk@https://www.google.com/xjs/_/js/k=xjs.snr.en_US.5A1Hx1XqCCg.O/am=ChCAAAEQAAAAAQACAKB6wiGTjeIB_rkPAAAYBEABAAAAAOiKAMAEQPD-E4kBAEAACIAJIAbXAABKqAJ2AAAAYOwHAEAAAEBYAIwXANAIgA8hQAEQAAAAAHkAcB5AcDDhAQAAAAAAAAAAAARcgmBwQHosIAACAAAAAAAAAAAApJLJywEEAMA/d=1/ed=1/dg=2/rs=ACT90oH6rIhSST61JmhKQJBYXK7Ude5dhw/ee=cEt90b:ws9Tlc;qddgKe:x4FYXe,d7YSfd;yxTchf:KUM7Z;dtl0hd:lLQWFe;eHDfl:ofjVkb;qaS3gd:yiLg6e;nAFL3:NTMZac,s39S4;oGtAuc:sOXFj;iFQyKf:vfuNJf,QIhFr;SNUn3:ZwDk9d,x8cHvb;io8t5d:sgY6Zb;Oj465e:KG2eXe,KG2eXe;Erl4fe:FloWmf,FloWmf;JsbNhc:Xd8iUd;sP4Vbe:VwDzFe;kMFpHd:OTA3Ae;uY49fb:COQbmf;Pjplud:PoEs9b,EEDORb;QGR0gd:Mlhmy;a56pNe:JEfCwb;Me32dd:MEeYgc;wR5FRb:TtcOte,O1Gjze;pXdRYb:JKoKVe,MdUzUe;dIoSBb:ZgGg9b;EmZ2Bf:zr1jrb;NSEoX:lazG7b;eBAeSb:Ck63tb;WCEKNd:I46Hvd;wV5Pjc:L8KGxe;EVNhjf:pw70Gc;sTsDMc:kHVSUb;wQlYve:aLUfP;zOsCQe:Ko78Df;KcokUb:KiuZBf;YV5bee:IvPZ6d;kbAm9d:MkHyGd;ZWEUA:afR4Cf;g8nkx:U4MzKc;lzgfYb:PI40bd;w9w86d:dt4g2b;GleZL:J1A7Od;bcPXSc:gSZLJb;JXS8fb:Qj0suc;IoGlCf:b5lhvb;vfVwPd:OXTqFb;ESrPQc:mNTJvc;qavrXe:zQzcXe,mYbt1d;pNsl2d:j9Yuyc;VGRfx:VFqbr;BjwMce:cXX2Wb;R9Ulx:CR7Ufe;kY7VAf:d91TEb;KpRAue:Tia57b;jY0zg:Q6tNgc;l8Azde:j4Ca9b;oSUNyd:fTfGO,fTfGO,vjQg0b;SMDL4c:fTfGO,vjQg0b;aZ61od:arTwJ;ZrFutb:W4Cdfc;K8vqCc:MyIcle;NPKaK:SdcwHb;LBgRLc:XVMNvd,SdcwHb;rQSrae:C6D5Fc;kCQyJ:ueyPK;KQzWid:mB4wNe;EABSZ:MXZt9d;TxfV6d:YORN0b;UDrY1c:eps46d;F9mqte:UoRcbe;Nyt6ic:jn2sGd;w3bZCb:ZPGaIb;G0KhTb:LIaoZ;aAJE9c:WHW6Ef;V2HTTe:RolTY;Wfmdue:g3MJlb;imqimf:jKGL2e;BgS6mb:fidj5d;UVmjEd:EesRsb;z97YGf:oug9te;AfeaP:TkrAjf;eBZ5Nd:audvde;CxXAWb:YyRLvc;VN6jIc:ddQyuf;SLtqO:Kh1xYe;tosKvd:ZCqP3;VOcgDe:YquhTb;uuQkY:u2V3ud;WDGyFe:jcVOxd;trZL0b:qY8PFe;VxQ32b:k0XsBb;DULqB:RKfG5c;Np8Qkd:Dpx6qc;cFTWae:gT8qnd;gaub4:TN6bMe;xBbsrc:NEW1Qc;DpcR3d:zL72xf;hjRo6e:F62sG;yGxLoc:FmAr0c;oUlnpc:RagDlc;R2kc8b:ALJqWb;pj82le:mg5CW;dLlj2:Qqt3Gf;qGV2uc:HHi04c;gtVSi:ekUOYd;UyG7Kb:wQd0G;LsNahb:ucGLNb;xbe2wc:uRMPBc;Q1Ow7b:x5CSu;okUaUd:wItadb;G6wU6e:hezEbd;uknmt:GkPrzb;PqHfGe:im2cZe;Fmv9Nc:O1Tzwc;hK67qb:QWEO5b;BMxAGc:E5bFse;R4IIIb:QWfeKf;whEZac:F4AmNb;tH4IIe:Ymry6;zxnPse:GkRiKb;xqZiqf:wmnU7d;lkq0A:Z0MWEf;daB6be:lMxGPd;U96pRd:FsR04;LEikZe:byfTOb,lsjVmc/m=attn,cdos,cr,gwc,hsm,jsanr,mb4ZUb,d,csi,cEt90b,SNUn3,qddgKe,sTsDMc,dtl0hd,eHDfl:393:952
_.Uk@https://www.google.com/xjs/_/js/k=xjs.snr.en_US.5A1Hx1XqCCg.O/am=ChCAAAEQAAAAAQACAKB6wiGTjeIB_rkPAAAYBEABAAAAAOiKAMAEQPD-E4kBAEAACIAJIAbXAABKqAJ2AAAAYOwHAEAAAEBYAIwXANAIgA8hQAEQAAAAAHkAcB5AcDDhAQAAAAAAAAAAAARcgmBwQHosIAACAAAAAAAAAAAApJLJywEEAMA/d=1/ed=1/dg=2/rs=ACT90oH6rIhSST61JmhKQJBYXK7Ude5dhw/ee=cEt90b:ws9Tlc;qddgKe:x4FYXe,d7YSfd;yxTchf:KUM7Z;dtl0hd:lLQWFe;eHDfl:ofjVkb;qaS3gd:yiLg6e;nAFL3:NTMZac,s39S4;oGtAuc:sOXFj;iFQyKf:vfuNJf,QIhFr;SNUn3:ZwDk9d,x8cHvb;io8t5d:sgY6Zb;Oj465e:KG2eXe,KG2eXe;Erl4fe:FloWmf,FloWmf;JsbNhc:Xd8iUd;sP4Vbe:VwDzFe;kMFpHd:OTA3Ae;uY49fb:COQbmf;Pjplud:PoEs9b,EEDORb;QGR0gd:Mlhmy;a56pNe:JEfCwb;Me32dd:MEeYgc;wR5FRb:TtcOte,O1Gjze;pXdRYb:JKoKVe,MdUzUe;dIoSBb:ZgGg9b;EmZ2Bf:zr1jrb;NSEoX:lazG7b;eBAeSb:Ck63tb;WCEKNd:I46Hvd;wV5Pjc:L8KGxe;EVNhjf:pw70Gc;sTsDMc:kHVSUb;wQlYve:aLUfP;zOsCQe:Ko78Df;KcokUb:KiuZBf;YV5bee:IvPZ6d;kbAm9d:MkHyGd;ZWEUA:afR4Cf;g8nkx:U4MzKc;lzgfYb:PI40bd;w9w86d:dt4g2b;GleZL:J1A7Od;bcPXSc:gSZLJb;JXS8fb:Qj0suc;IoGlCf:b5lhvb;vfVwPd:OXTqFb;ESrPQc:mNTJvc;qavrXe:zQzcXe,mYbt1d;pNsl2d:j9Yuyc;VGRfx:VFqbr;BjwMce:cXX2Wb;R9Ulx:CR7Ufe;kY7VAf:d91TEb;KpRAue:Tia57b;jY0zg:Q6tNgc;l8Azde:j4Ca9b;oSUNyd:fTfGO,fTfGO,vjQg0b;SMDL4c:fTfGO,vjQg0b;aZ61od:arTwJ;ZrFutb:W4Cdfc;K8vqCc:MyIcle;NPKaK:SdcwHb;LBgRLc:XVMNvd,SdcwHb;rQSrae:C6D5Fc;kCQyJ:ueyPK;KQzWid:mB4wNe;EABSZ:MXZt9d;TxfV6d:YORN0b;UDrY1c:eps46d;F9mqte:UoRcbe;Nyt6ic:jn2sGd;w3bZCb:ZPGaIb;G0KhTb:LIaoZ;aAJE9c:WHW6Ef;V2HTTe:RolTY;Wfmdue:g3MJlb;imqimf:jKGL2e;BgS6mb:fidj5d;UVmjEd:EesRsb;z97YGf:oug9te;AfeaP:TkrAjf;eBZ5Nd:audvde;CxXAWb:YyRLvc;VN6jIc:ddQyuf;SLtqO:Kh1xYe;tosKvd:ZCqP3;VOcgDe:YquhTb;uuQkY:u2V3ud;WDGyFe:jcVOxd;trZL0b:qY8PFe;VxQ32b:k0XsBb;DULqB:RKfG5c;Np8Qkd:Dpx6qc;cFTWae:gT8qnd;gaub4:TN6bMe;xBbsrc:NEW1Qc;DpcR3d:zL72xf;hjRo6e:F62sG;yGxLoc:FmAr0c;oUlnpc:RagDlc;R2kc8b:ALJqWb;pj82le:mg5CW;dLlj2:Qqt3Gf;qGV2uc:HHi04c;gtVSi:ekUOYd;UyG7Kb:wQd0G;LsNahb:ucGLNb;xbe2wc:uRMPBc;Q1Ow7b:x5CSu;okUaUd:wItadb;G6wU6e:hezEbd;uknmt:GkPrzb;PqHfGe:im2cZe;Fmv9Nc:O1Tzwc;hK67qb:QWEO5b;BMxAGc:E5bFse;R4IIIb:QWfeKf;whEZac:F4AmNb;tH4IIe:Ymry6;zxnPse:GkRiKb;xqZiqf:wmnU7d;lkq0A:Z0MWEf;daB6be:lMxGPd;U96pRd:FsR04;LEikZe:byfTOb,lsjVmc/m=attn,cdos,cr,gwc,hsm,jsanr,mb4ZUb,d,csi,cEt90b,SNUn3,qddgKe,sTsDMc,dtl0hd,eHDfl:398:1034
Ata@https://www.google.com/xjs/_/js/k=xjs.snr.en_US.5A1Hx1XqCCg.O/am=ChCAAAEQAAAAAQACAKB6wiGTjeIB_rkPAAAYBEABAAAAAOiKAMAEQPD-E4kBAEAACIAJIAbXAABKqAJ2AAAAYOwHAEAAAEBYAIwXANAIgA8hQAEQAAAAAHkAcB5AcDDhAQAAAAAAAAAAAARcgmBwQHosIAACAAAAAAAAAAAApJLJywEEAMA/d=1/ed=1/dg=2/rs=ACT90oH6rIhSST61JmhKQJBYXK7Ude5dhw/ee=cEt90b:ws9Tlc;qddgKe:x4FYXe,d7YSfd;yxTchf:KUM7Z;dtl0hd:lLQWFe;eHDfl:ofjVkb;qaS3gd:yiLg6e;nAFL3:NTMZac,s39S4;oGtAuc:sOXFj;iFQyKf:vfuNJf,QIhFr;SNUn3:ZwDk9d,x8cHvb;io8t5d:sgY6Zb;Oj465e:KG2eXe,KG2eXe;Erl4fe:FloWmf,FloWmf;JsbNhc:Xd8iUd;sP4Vbe:VwDzFe;kMFpHd:OTA3Ae;uY49fb:COQbmf;Pjplud:PoEs9b,EEDORb;QGR0gd:Mlhmy;a56pNe:JEfCwb;Me32dd:MEeYgc;wR5FRb:TtcOte,O1Gjze;pXdRYb:JKoKVe,MdUzUe;dIoSBb:ZgGg9b;EmZ2Bf:zr1jrb;NSEoX:lazG7b;eBAeSb:Ck63tb;WCEKNd:I46Hvd;wV5Pjc:L8KGxe;EVNhjf:pw70Gc;sTsDMc:kHVSUb;wQlYve:aLUfP;zOsCQe:Ko78Df;KcokUb:KiuZBf;YV5bee:IvPZ6d;kbAm9d:MkHyGd;ZWEUA:afR4Cf;g8nkx:U4MzKc;lzgfYb:PI40bd;w9w86d:dt4g2b;GleZL:J1A7Od;bcPXSc:gSZLJb;JXS8fb:Qj0suc;IoGlCf:b5lhvb;vfVwPd:OXTqFb;ESrPQc:mNTJvc;qavrXe:zQzcXe,mYbt1d;pNsl2d:j9Yuyc;VGRfx:VFqbr;BjwMce:cXX2Wb;R9Ulx:CR7Ufe;kY7VAf:d91TEb;KpRAue:Tia57b;jY0zg:Q6tNgc;l8Azde:j4Ca9b;oSUNyd:fTfGO,fTfGO,vjQg0b;SMDL4c:fTfGO,vjQg0b;aZ61od:arTwJ;ZrFutb:W4Cdfc;K8vqCc:MyIcle;NPKaK:SdcwHb;LBgRLc:XVMNvd,SdcwHb;rQSrae:C6D5Fc;kCQyJ:ueyPK;KQzWid:mB4wNe;EABSZ:MXZt9d;TxfV6d:YORN0b;UDrY1c:eps46d;F9mqte:UoRcbe;Nyt6ic:jn2sGd;w3bZCb:ZPGaIb;G0KhTb:LIaoZ;aAJE9c:WHW6Ef;V2HTTe:RolTY;Wfmdue:g3MJlb;imqimf:jKGL2e;BgS6mb:fidj5d;UVmjEd:EesRsb;z97YGf:oug9te;AfeaP:TkrAjf;eBZ5Nd:audvde;CxXAWb:YyRLvc;VN6jIc:ddQyuf;SLtqO:Kh1xYe;tosKvd:ZCqP3;VOcgDe:YquhTb;uuQkY:u2V3ud;WDGyFe:jcVOxd;trZL0b:qY8PFe;VxQ32b:k0XsBb;DULqB:RKfG5c;Np8Qkd:Dpx6qc;cFTWae:gT8qnd;gaub4:TN6bMe;xBbsrc:NEW1Qc;DpcR3d:zL72xf;hjRo6e:F62sG;yGxLoc:FmAr0c;oUlnpc:RagDlc;R2kc8b:ALJqWb;pj82le:mg5CW;dLlj2:Qqt3Gf;qGV2uc:HHi04c;gtVSi:ekUOYd;UyG7Kb:wQd0G;LsNahb:ucGLNb;xbe2wc:uRMPBc;Q1Ow7b:x5CSu;okUaUd:wItadb;G6wU6e:hezEbd;uknmt:GkPrzb;PqHfGe:im2cZe;Fmv9Nc:O1Tzwc;hK67qb:QWEO5b;BMxAGc:E5bFse;R4IIIb:QWfeKf;whEZac:F4AmNb;tH4IIe:Ymry6;zxnPse:GkRiKb;xqZiqf:wmnU7d;lkq0A:Z0MWEf;daB6be:lMxGPd;U96pRd:FsR04;LEikZe:byfTOb,lsjVmc/m=attn,cdos,cr,gwc,hsm,jsanr,mb4ZUb,d,csi,cEt90b,SNUn3,qddgKe,sTsDMc,dtl0hd,eHDfl:410:347
b@https://www.google.com/xjs/_/js/k=xjs.snr.en_US.5A1Hx1XqCCg.O/am=ChCAAAEQAAAAAQACAKB6wiGTjeIB_rkPAAAYBEABAAAAAOiKAMAEQPD-E4kBAEAACIAJIAbXAABKqAJ2AAAAYOwHAEAAAEBYAIwXANAIgA8hQAEQAAAAAHkAcB5AcDDhAQAAAAAAAAAAAARcgmBwQHosIAACAAAAAAAAAAAApJLJywEEAMA/d=1/ed=1/dg=2/rs=ACT90oH6rIhSST61JmhKQJBYXK7Ude5dhw/ee=cEt90b:ws9Tlc;qddgKe:x4FYXe,d7YSfd;yxTchf:KUM7Z;dtl0hd:lLQWFe;eHDfl:ofjVkb;qaS3gd:yiLg6e;nAFL3:NTMZac,s39S4;oGtAuc:sOXFj;iFQyKf:vfuNJf,QIhFr;SNUn3:ZwDk9d,x8cHvb;io8t5d:sgY6Zb;Oj465e:KG2eXe,KG2eXe;Erl4fe:FloWmf,FloWmf;JsbNhc:Xd8iUd;sP4Vbe:VwDzFe;kMFpHd:OTA3Ae;uY49fb:COQbmf;Pjplud:PoEs9b,EEDORb;QGR0gd:Mlhmy;a56pNe:JEfCwb;Me32dd:MEeYgc;wR5FRb:TtcOte,O1Gjze;pXdRYb:JKoKVe,MdUzUe;dIoSBb:ZgGg9b;EmZ2Bf:zr1jrb;NSEoX:lazG7b;eBAeSb:Ck63tb;WCEKNd:I46Hvd;wV5Pjc:L8KGxe;EVNhjf:pw70Gc;sTsDMc:kHVSUb;wQlYve:aLUfP;zOsCQe:Ko78Df;KcokUb:KiuZBf;YV5bee:IvPZ6d;kbAm9d:MkHyGd;ZWEUA:afR4Cf;g8nkx:U4MzKc;lzgfYb:PI40bd;w9w86d:dt4g2b;GleZL:J1A7Od;bcPXSc:gSZLJb;JXS8fb:Qj0suc;IoGlCf:b5lhvb;vfVwPd:OXTqFb;ESrPQc:mNTJvc;qavrXe:zQzcXe,mYbt1d;pNsl2d:j9Yuyc;VGRfx:VFqbr;BjwMce:cXX2Wb;R9Ulx:CR7Ufe;kY7VAf:d91TEb;KpRAue:Tia57b;jY0zg:Q6tNgc;l8Azde:j4Ca9b;oSUNyd:fTfGO,fTfGO,vjQg0b;SMDL4c:fTfGO,vjQg0b;aZ61od:arTwJ;ZrFutb:W4Cdfc;K8vqCc:MyIcle;NPKaK:SdcwHb;LBgRLc:XVMNvd,SdcwHb;rQSrae:C6D5Fc;kCQyJ:ueyPK;KQzWid:mB4wNe;EABSZ:MXZt9d;TxfV6d:YORN0b;UDrY1c:eps46d;F9mqte:UoRcbe;Nyt6ic:jn2sGd;w3bZCb:ZPGaIb;G0KhTb:LIaoZ;aAJE9c:WHW6Ef;V2HTTe:RolTY;Wfmdue:g3MJlb;imqimf:jKGL2e;BgS6mb:fidj5d;UVmjEd:EesRsb;z97YGf:oug9te;AfeaP:TkrAjf;eBZ5Nd:audvde;CxXAWb:YyRLvc;VN6jIc:ddQyuf;SLtqO:Kh1xYe;tosKvd:ZCqP3;VOcgDe:YquhTb;uuQkY:u2V3ud;WDGyFe:jcVOxd;trZL0b:qY8PFe;VxQ32b:k0XsBb;DULqB:RKfG5c;Np8Qkd:Dpx6qc;cFTWae:gT8qnd;gaub4:TN6bMe;xBbsrc:NEW1Qc;DpcR3d:zL72xf;hjRo6e:F62sG;yGxLoc:FmAr0c;oUlnpc:RagDlc;R2kc8b:ALJqWb;pj82le:mg5CW;dLlj2:Qqt3Gf;qGV2uc:HHi04c;gtVSi:ekUOYd;UyG7Kb:wQd0G;LsNahb:ucGLNb;xbe2wc:uRMPBc;Q1Ow7b:x5CSu;okUaUd:wItadb;G6wU6e:hezEbd;uknmt:GkPrzb;PqHfGe:im2cZe;Fmv9Nc:O1Tzwc;hK67qb:QWEO5b;BMxAGc:E5bFse;R4IIIb:QWfeKf;whEZac:F4AmNb;tH4IIe:Ymry6;zxnPse:GkRiKb;xqZiqf:wmnU7d;lkq0A:Z0MWEf;daB6be:lMxGPd;U96pRd:FsR04;LEikZe:byfTOb,lsjVmc/m=attn,cdos,cr,gwc,hsm,jsanr,mb4ZUb,d,csi,cEt90b,SNUn3,qddgKe,sTsDMc,dtl0hd,eHDfl:406:49

console.error: "Problem getting stored prefs for TopSites"
JavaScript error: , line 0: uncaught exception: null
console.error: "Problem getting stored prefs for TopSites"
JavaScript error: , line 0: uncaught exception: null
JavaScript warning: https://www.chess.com/bundles/app/js/sentry.client.6a9590ad.js, line 14: Script terminated by timeout at:
sentryWrapped@https://www.chess.com/bundles/app/js/sentry.client.6a9590ad.js:14:69834

console.error: "Problem getting stored prefs for TopSites"
JavaScript error: , line 0: uncaught exception: null
JavaScript error: , line 0: NotFoundError: Could not move source file(/var/folders/51/3vcrsp194fldczrkg0b0zgbr0000gn/T/rust_mozprofile5uPD2R/bookmarkbackups/bookmarks-2023-09-06_11_trAHMSgg+IZGl6X5Y8-Fcw==.jsonlz4) because it does not exist
console.error: "Problem getting stored prefs for TopSites"
JavaScript error: , line 0: uncaught exception: null
console.error: "Problem getting stored prefs for TopSites"
JavaScript error: , line 0: uncaught exception: null
console.error: "Problem getting stored prefs for TopSites"
JavaScript error: , line 0: uncaught exception: null
console.error: "Problem getting stored prefs for TopSites"
JavaScript error: , line 0: uncaught exception: null
console.error: "Problem getting stored prefs for TopSites"
JavaScript error: , line 0: uncaught exception: null
console.error: "Problem getting stored prefs for TopSites"
JavaScript error: , line 0: uncaught exception: null
console.error: "Problem getting stored prefs for TopSites"
JavaScript error: , line 0: uncaught exception: null
console.error: "Problem getting stored prefs for TopSites"
JavaScript error: , line 0: uncaught exception: null
console.error: "Problem getting stored prefs for TopSites"
JavaScript error: , line 0: uncaught exception: null
console.error: "Problem getting stored prefs for TopSites"
JavaScript error: , line 0: uncaught exception: null
console.error: "Problem getting stored prefs for TopSites"
JavaScript error: , line 0: uncaught exception: null
JavaScript warning: https://www.googletagmanager.com/gtag/js?id=G-88NFWQ37HE&l=dataLayer&cx=c, line 445: Script terminated by timeout at:
aa.oh@https://www.googletagmanager.com/gtag/js?id=G-88NFWQ37HE&l=dataLayer&cx=c:445:89
get@https://www.googletagmanager.com/gtag/js?id=G-88NFWQ37HE&l=dataLayer&cx=c:443:119
stop@https://www.googletagmanager.com/gtag/js?id=G-88NFWQ37HE&l=dataLayer&cx=c:443:87
aa.yk/c/<@https://www.googletagmanager.com/gtag/js?id=G-88NFWQ37HE&l=dataLayer&cx=c:443:412

console.error: "Problem getting stored prefs for TopSites"
JavaScript error: , line 0: uncaught exception: null
console.error: "Problem getting stored prefs for TopSites"
JavaScript error: , line 0: uncaught exception: null
console.error: PushService: 
  Failed to drop expired registrations on idle
  UnknownError
console.error: "Problem getting stored prefs for TopSites"
JavaScript error: , line 0: uncaught exception: null
console.error: "Problem getting stored prefs for TopSites"
JavaScript error: , line 0: uncaught exception: null
JavaScript warning: https://www.googletagmanager.com/gtag/js?id=G-88NFWQ37HE&l=dataLayer&cx=c, line 443: Script terminated by timeout at:
aa.yk/c/<@https://www.googletagmanager.com/gtag/js?id=G-88NFWQ37HE&l=dataLayer&cx=c:443:408

1694190437679	Marionette	INFO	Stopped listening on port 65272
console.error: (new AbortError("A request was aborted, for example through a call to IDBTransaction.abort.", (void 0)))
JavaScript error: , line 0: AbortError: A request was aborted, for example through a call to IDBTransaction.abort.
JavaScript error: , line 0: uncaught exception: null
JavaScript error: , line 0: uncaught exception: null
1698152751321	mozrunner::runner	INFO	Running command: "/Applications/Firefox.app/Contents/MacOS/firefox-bin" "-marionette" "-foreground" "-no-remote" "-profile" "/var/folders/51/3vcrsp194fldczrkg0b0zgbr0000gn/T/rust_mozprofilecTwz4c"
console.warn: services.settings: Ignoring preference override of remote settings server
console.warn: services.settings: Allow by setting MOZ_REMOTE_SETTINGS_DEVTOOLS=1 in the environment
1698152769485	Marionette	INFO	Marionette enabled
1698152769673	Marionette	INFO	Listening on port 59146
UNSUPPORTED (log once): POSSIBLE ISSUE: unit 1 GLD_TEXTURE_INDEX_2D is unloadable and bound to sampler type (Float) - using zero texture because texture unloadable
console.error: "Error trying to load component feed https://getpocket.cdn.mozilla.net/v3/firefox/global-recs?version=3&consumer_key=$apiKey&locale_lang=$locale&region=$region&count=30:" (new TypeError("feedResponse.data is undefined", "resource://activity-stream/lib/DiscoveryStreamFeed.jsm", 1463))
console.error: "Error trying to load component feeds:" (new TypeError("feedResponse.data is undefined", "resource://activity-stream/lib/DiscoveryStreamFeed.jsm", 1463))
1698152777542	mozrunner::runner	INFO	Running command: "/Applications/Firefox.app/Contents/MacOS/firefox-bin" "-marionette" "-foreground" "-no-remote" "-profile" "/var/folders/51/3vcrsp194fldczrkg0b0zgbr0000gn/T/rust_mozprofile4g0vqN"
1698152801559	mozrunner::runner	INFO	Running command: "/Applications/Firefox.app/Contents/MacOS/firefox-bin" "-marionette" "-foreground" "-no-remote" "-profile" "/var/folders/51/3vcrsp194fldczrkg0b0zgbr0000gn/T/rust_mozprofilee6OUD4"
console.warn: services.settings: Ignoring preference override of remote settings server
console.warn: services.settings: Allow by setting MOZ_REMOTE_SETTINGS_DEVTOOLS=1 in the environment
1698152802784	Marionette	INFO	Marionette enabled
1698152803202	Marionette	INFO	Listening on port 59486
1698152803487	RemoteAgent	WARN	TLS certificate errors will be ignored for this session
console.error: "Error trying to load component feed https://getpocket.cdn.mozilla.net/v3/firefox/global-recs?version=3&consumer_key=$apiKey&locale_lang=$locale&region=$region&count=30:" (new TypeError("feedResponse.data is undefined", "resource://activity-stream/lib/DiscoveryStreamFeed.jsm", 1463))
console.error: "Error trying to load component feeds:" (new TypeError("feedResponse.data is undefined", "resource://activity-stream/lib/DiscoveryStreamFeed.jsm", 1463))
1698152806479	Marionette	WARN	Ignoring event 'DOMContentLoaded' because document has an invalid readyState of 'complete'.
JavaScript warning: https://g.alicdn.com/AWSC/fireyejs/1.226.0/fireyejs.js, line 1: WEBGL_debug_renderer_info is deprecated in Firefox and will be removed. Please use RENDERER.
1698152873106	mozrunner::runner	INFO	Running command: "/Applications/Firefox.app/Contents/MacOS/firefox-bin" "-marionette" "-foreground" "-no-remote" "-profile" "/var/folders/51/3vcrsp194fldczrkg0b0zgbr0000gn/T/rust_mozprofilezN3NUC"
console.warn: services.settings: Ignoring preference override of remote settings server
console.warn: services.settings: Allow by setting MOZ_REMOTE_SETTINGS_DEVTOOLS=1 in the environment
1698152873644	Marionette	INFO	Marionette enabled
1698152873887	Marionette	INFO	Listening on port 59713
1698152874191	RemoteAgent	WARN	TLS certificate errors will be ignored for this session
console.error: "Error trying to load component feed https://getpocket.cdn.mozilla.net/v3/firefox/global-recs?version=3&consumer_key=$apiKey&locale_lang=$locale&region=$region&count=30:" (new TypeError("feedResponse.data is undefined", "resource://activity-stream/lib/DiscoveryStreamFeed.jsm", 1463))
console.error: "Error trying to load component feeds:" (new TypeError("feedResponse.data is undefined", "resource://activity-stream/lib/DiscoveryStreamFeed.jsm", 1463))
1698152877749	Marionette	WARN	Ignoring event 'DOMContentLoaded' because document has an invalid readyState of 'complete'.
JavaScript warning: https://g.alicdn.com/AWSC/fireyejs/1.226.0/fireyejs.js, line 1: WEBGL_debug_renderer_info is deprecated in Firefox and will be removed. Please use RENDERER.
console.warn: LoginRecipes: "Falling back to a synchronous message for: https://cnki.net."
console.warn: LoginRecipes: "Falling back to a synchronous message for: https://cnki.net."
console.warn: LoginRecipes: "Falling back to a synchronous message for: https://cnki.net."
1698152913619	Marionette	WARN	TimedPromise timed out after 500 ms: stacktrace:
TimedPromise/<@chrome://remote/content/marionette/sync.sys.mjs:219:24
TimedPromise@chrome://remote/content/marionette/sync.sys.mjs:203:10
interaction.flushEventLoop@chrome://remote/content/marionette/interaction.sys.mjs:429:10
webdriverClickElement@chrome://remote/content/marionette/interaction.sys.mjs:178:31
JavaScript warning: https://cnki.net/kns/scripts/min/merge.searchbar.min.js?v=2.6, line 1: unreachable code after return statement
JavaScript warning: https://cnki.net/kns/scripts/min/merge.searchbar.min.js?v=2.6, line 8: unreachable code after return statement
JavaScript warning: https://cnki.net/kns/scripts/min/merge.searchbar.min.js?v=2.6, line 12: unreachable code after return statement
JavaScript warning: https://g.alicdn.com/AWSC/fireyejs/1.226.0/fireyejs.js, line 1: WEBGL_debug_renderer_info is deprecated in Firefox and will be removed. Please use RENDERER.
JavaScript warning: https://cnki.net/kns/scripts/min/merge.searchbar.min.js?v=2.6, line 1: unreachable code after return statement
JavaScript warning: https://cnki.net/kns/scripts/min/merge.searchbar.min.js?v=2.6, line 8: unreachable code after return statement
JavaScript warning: https://cnki.net/kns/scripts/min/merge.searchbar.min.js?v=2.6, line 12: unreachable code after return statement
JavaScript warning: https://g.alicdn.com/AWSC/fireyejs/1.226.0/fireyejs.js, line 1: WEBGL_debug_renderer_info is deprecated in Firefox and will be removed. Please use RENDERER.
console.error: "Failed to fetch https://spocs.getpocket.com/spocs:" "NetworkError when attempting to fetch resource."
console.error: "No response for spocs_endpoint prop"
console.error: "Failed to fetch https://firefox-api-proxy.cdn.mozilla.net/desktop/v1/recommendations?locale=en-US&region=US&count=30:" "NetworkError when attempting to fetch resource."
console.error: "No response for feed"
1698155681689	mozrunner::runner	INFO	Running command: "/Applications/Firefox.app/Contents/MacOS/firefox-bin" "-marionette" "-foreground" "-no-remote" "-profile" "/var/folders/51/3vcrsp194fldczrkg0b0zgbr0000gn/T/rust_mozprofilegAwnkm"
console.warn: services.settings: Ignoring preference override of remote settings server
console.warn: services.settings: Allow by setting MOZ_REMOTE_SETTINGS_DEVTOOLS=1 in the environment
1698155682927	Marionette	INFO	Marionette enabled
1698155683301	Marionette	INFO	Listening on port 60512
1698155683393	RemoteAgent	WARN	TLS certificate errors will be ignored for this session
console.error: Region.sys.mjs: "Error fetching region" (new TypeError("NetworkError when attempting to fetch resource.", ""))
console.error: Region.sys.mjs: "Failed to fetch region" (new Error("NO_RESULT", "resource://gre/modules/Region.sys.mjs", 411))
console.error: (new TypeError("NetworkError: Network request failed", "resource://services-settings/Utils.sys.mjs", 229))
console.error: (new TypeError("NetworkError: Network request failed", "resource://services-settings/Utils.sys.mjs", 229))
console.error: (new TypeError("NetworkError: Network request failed", "resource://services-settings/Utils.sys.mjs", 229))
console.error: (new TypeError("NetworkError: Network request failed", "resource://services-settings/Utils.sys.mjs", 229))
console.error: (new TypeError("NetworkError: Network request failed", "resource://services-settings/Utils.sys.mjs", 229))
1698155684926	Marionette	WARN	Ignoring event 'pageshow' because document has an invalid readyState of 'uninitialized'.
1698155713814	addons.xpi	ERROR	System addon update list error Error: Failed downloading XML, status: 0, channelStatus: 2152398878, errorCode: 2, reason: error
console.error: Region.sys.mjs: "Error fetching region" (new TypeError("NetworkError when attempting to fetch resource.", ""))
console.error: Region.sys.mjs: "Failed to fetch region" (new Error("NO_RESULT", "resource://gre/modules/Region.sys.mjs", 411))
1698155763590	mozrunner::runner	INFO	Running command: "/Applications/Firefox.app/Contents/MacOS/firefox-bin" "-marionette" "-foreground" "-no-remote" "-profile" "/var/folders/51/3vcrsp194fldczrkg0b0zgbr0000gn/T/rust_mozprofileCVrcl1"
console.warn: services.settings: Ignoring preference override of remote settings server
console.warn: services.settings: Allow by setting MOZ_REMOTE_SETTINGS_DEVTOOLS=1 in the environment
1698155764094	Marionette	INFO	Marionette enabled
1698155764376	Marionette	INFO	Listening on port 60591
1698155764679	RemoteAgent	WARN	TLS certificate errors will be ignored for this session
1698155769513	Marionette	WARN	Ignoring event 'DOMContentLoaded' because document has an invalid readyState of 'complete'.
console.error: "Error trying to load component feed https://getpocket.cdn.mozilla.net/v3/firefox/global-recs?version=3&consumer_key=$apiKey&locale_lang=$locale&region=$region&count=30:" (new TypeError("feedResponse.data is undefined", "resource://activity-stream/lib/DiscoveryStreamFeed.jsm", 1463))
console.error: "Error trying to load component feeds:" (new TypeError("feedResponse.data is undefined", "resource://activity-stream/lib/DiscoveryStreamFeed.jsm", 1463))
1698155811808	addons.xpi	ERROR	System addon update list error Error: Failed downloading XML, status: 0, channelStatus: 2152398919, errorCode: 2, reason: error
console.error: services.settings: 
  Message: NetworkError: Network error: TypeError: NetworkError: Network request failed
  Stack:
    APIError@resource://services-settings/RemoteSettingsClient.sys.mjs:107:1
NetworkError@resource://services-settings/RemoteSettingsClient.sys.mjs:111:5
_adjustedError@resource://services-settings/RemoteSettingsClient.sys.mjs:907:14
maybeSync@resource://services-settings/RemoteSettingsClient.sys.mjs:812:38

console.error: services.settings: 
  Message: NetworkError: Network error: TypeError: NetworkError: Network request failed
  Stack:
    APIError@resource://services-settings/RemoteSettingsClient.sys.mjs:107:1
NetworkError@resource://services-settings/RemoteSettingsClient.sys.mjs:111:5
_adjustedError@resource://services-settings/RemoteSettingsClient.sys.mjs:907:14
maybeSync@resource://services-settings/RemoteSettingsClient.sys.mjs:812:38

JavaScript error: resource://services-settings/Utils.sys.mjs, line 229: TypeError: NetworkError: Network request failed
console.error: services.settings: 
  Message: NetworkError: Network error: TypeError: NetworkError: Network request failed
  Stack:
    APIError@resource://services-settings/RemoteSettingsClient.sys.mjs:107:1
NetworkError@resource://services-settings/RemoteSettingsClient.sys.mjs:111:5
_adjustedError@resource://services-settings/RemoteSettingsClient.sys.mjs:907:14
maybeSync@resource://services-settings/RemoteSettingsClient.sys.mjs:812:38

console.error: services.settings: 
  Message: NetworkError: Network error: TypeError: NetworkError: Network request failed
  Stack:
    APIError@resource://services-settings/RemoteSettingsClient.sys.mjs:107:1
NetworkError@resource://services-settings/RemoteSettingsClient.sys.mjs:111:5
_adjustedError@resource://services-settings/RemoteSettingsClient.sys.mjs:907:14
maybeSync@resource://services-settings/RemoteSettingsClient.sys.mjs:812:38

console.error: services.settings: 
  Message: NetworkError: Network error: TypeError: NetworkError: Network request failed
  Stack:
    APIError@resource://services-settings/RemoteSettingsClient.sys.mjs:107:1
NetworkError@resource://services-settings/RemoteSettingsClient.sys.mjs:111:5
_adjustedError@resource://services-settings/RemoteSettingsClient.sys.mjs:907:14
maybeSync@resource://services-settings/RemoteSettingsClient.sys.mjs:812:38

console.error: services.settings: 
  Message: NetworkError: Network error: TypeError: NetworkError: Network request failed
  Stack:
    APIError@resource://services-settings/RemoteSettingsClient.sys.mjs:107:1
NetworkError@resource://services-settings/RemoteSettingsClient.sys.mjs:111:5
_adjustedError@resource://services-settings/RemoteSettingsClient.sys.mjs:907:14
maybeSync@resource://services-settings/RemoteSettingsClient.sys.mjs:812:38

console.error: services.settings: 
  Message: NetworkError: Network error: TypeError: NetworkError: Network request failed
  Stack:
    APIError@resource://services-settings/RemoteSettingsClient.sys.mjs:107:1
NetworkError@resource://services-settings/RemoteSettingsClient.sys.mjs:111:5
_adjustedError@resource://services-settings/RemoteSettingsClient.sys.mjs:907:14
maybeSync@resource://services-settings/RemoteSettingsClient.sys.mjs:812:38

console.error: services.settings: 
  Message: NetworkError: Network error: TypeError: NetworkError: Network request failed
  Stack:
    APIError@resource://services-settings/RemoteSettingsClient.sys.mjs:107:1
NetworkError@resource://services-settings/RemoteSettingsClient.sys.mjs:111:5
_adjustedError@resource://services-settings/RemoteSettingsClient.sys.mjs:907:14
maybeSync@resource://services-settings/RemoteSettingsClient.sys.mjs:812:38

console.error: services.settings: 
  Message: NetworkError: Network error: TypeError: NetworkError: Network request failed
  Stack:
    APIError@resource://services-settings/RemoteSettingsClient.sys.mjs:107:1
NetworkError@resource://services-settings/RemoteSettingsClient.sys.mjs:111:5
_adjustedError@resource://services-settings/RemoteSettingsClient.sys.mjs:907:14
maybeSync@resource://services-settings/RemoteSettingsClient.sys.mjs:812:38

console.error: "Failed to fetch https://spocs.getpocket.com/spocs:" "The operation was aborted. "
console.error: "No response for spocs_endpoint prop"
console.error: services.settings: 
  Message: NetworkError: Network error: TypeError: NetworkError: Network request failed
  Stack:
    APIError@resource://services-settings/RemoteSettingsClient.sys.mjs:107:1
NetworkError@resource://services-settings/RemoteSettingsClient.sys.mjs:111:5
_adjustedError@resource://services-settings/RemoteSettingsClient.sys.mjs:907:14
maybeSync@resource://services-settings/RemoteSettingsClient.sys.mjs:812:38

1698155919155	mozrunner::runner	INFO	Running command: "/Applications/Firefox.app/Contents/MacOS/firefox-bin" "-marionette" "-foreground" "-no-remote" "-profile" "/var/folders/51/3vcrsp194fldczrkg0b0zgbr0000gn/T/rust_mozprofilemPhtQX"
console.warn: services.settings: Ignoring preference override of remote settings server
console.warn: services.settings: Allow by setting MOZ_REMOTE_SETTINGS_DEVTOOLS=1 in the environment
1698155919694	Marionette	INFO	Marionette enabled
1698155920008	Marionette	INFO	Listening on port 60937
1698155920062	RemoteAgent	WARN	TLS certificate errors will be ignored for this session
console.error: services.settings: 
  Message: NetworkError: Network error: TypeError: NetworkError: Network request failed
  Stack:
    APIError@resource://services-settings/RemoteSettingsClient.sys.mjs:107:1
NetworkError@resource://services-settings/RemoteSettingsClient.sys.mjs:111:5
_adjustedError@resource://services-settings/RemoteSettingsClient.sys.mjs:907:14
maybeSync@resource://services-settings/RemoteSettingsClient.sys.mjs:812:38

console.error: Region.sys.mjs: "Error fetching region" (new Error("TIMEOUT", "resource://gre/modules/Region.sys.mjs", 759))
console.error: Region.sys.mjs: "Failed to fetch region" (new Error("TIMEOUT", "resource://gre/modules/Region.sys.mjs", 411))
console.error: (new TypeError("NetworkError: Network request failed", "resource://services-settings/Utils.sys.mjs", 229))
console.error: (new TypeError("NetworkError: Network request failed", "resource://services-settings/Utils.sys.mjs", 229))
console.error: services.settings: 
  Message: NetworkError: Network error: TypeError: NetworkError: Network request failed
  Stack:
    APIError@resource://services-settings/RemoteSettingsClient.sys.mjs:107:1
NetworkError@resource://services-settings/RemoteSettingsClient.sys.mjs:111:5
_adjustedError@resource://services-settings/RemoteSettingsClient.sys.mjs:907:14
maybeSync@resource://services-settings/RemoteSettingsClient.sys.mjs:812:38

console.error: (new TypeError("NetworkError: Network request failed", "resource://services-settings/Utils.sys.mjs", 229))
1698155944112	Marionette	WARN	Ignoring event 'DOMContentLoaded' because document has an invalid readyState of 'complete'.
console.error: (new NetworkError("Network error: TypeError: NetworkError: Network request failed", "resource://services-settings/RemoteSettingsClient.sys.mjs", 107))
console.error: "Error trying to load component feed https://getpocket.cdn.mozilla.net/v3/firefox/global-recs?version=3&consumer_key=$apiKey&locale_lang=$locale&region=$region&count=30:" (new TypeError("feedResponse.data is undefined", "resource://activity-stream/lib/DiscoveryStreamFeed.jsm", 1463))
console.error: "Error trying to load component feeds:" (new TypeError("feedResponse.data is undefined", "resource://activity-stream/lib/DiscoveryStreamFeed.jsm", 1463))
JavaScript warning: https://g.alicdn.com/AWSC/fireyejs/1.226.0/fireyejs.js, line 1: WEBGL_debug_renderer_info is deprecated in Firefox and will be removed. Please use RENDERER.
console.warn: LoginRecipes: "Falling back to a synchronous message for: https://cnki.net."
console.warn: LoginRecipes: "Falling back to a synchronous message for: https://cnki.net."
console.warn: LoginRecipes: "Falling back to a synchronous message for: https://cnki.net."
JavaScript warning: https://cnki.net/kns/scripts/min/merge.searchbar.min.js?v=2.6, line 1: unreachable code after return statement
JavaScript warning: https://cnki.net/kns/scripts/min/merge.searchbar.min.js?v=2.6, line 8: unreachable code after return statement
JavaScript warning: https://cnki.net/kns/scripts/min/merge.searchbar.min.js?v=2.6, line 12: unreachable code after return statement
JavaScript warning: https://g.alicdn.com/AWSC/fireyejs/1.226.0/fireyejs.js, line 1: WEBGL_debug_renderer_info is deprecated in Firefox and will be removed. Please use RENDERER.
JavaScript error: https://cnki.net/kns/scripts/min/login.min.js?v=2.6, line 1: ReferenceError: getValueFromCookie is not defined
JavaScript warning: https://cnki.net/kns/scripts/min/merge.searchbar.min.js?v=2.6, line 1: unreachable code after return statement
JavaScript warning: https://cnki.net/kns/scripts/min/merge.searchbar.min.js?v=2.6, line 8: unreachable code after return statement
JavaScript warning: https://cnki.net/kns/scripts/min/merge.searchbar.min.js?v=2.6, line 12: unreachable code after return statement
JavaScript warning: https://g.alicdn.com/AWSC/fireyejs/1.226.0/fireyejs.js, line 1: WEBGL_debug_renderer_info is deprecated in Firefox and will be removed. Please use RENDERER.
console.warn: LoginRecipes: "Falling back to a synchronous message for: https://cnki.net."
console.warn: LoginRecipes: "Falling back to a synchronous message for: https://cnki.net."
console.warn: LoginRecipes: "Falling back to a synchronous message for: https://cnki.net."
JavaScript warning: https://cnki.net/kns/scripts/min/merge.searchbar.min.js?v=2.6, line 1: unreachable code after return statement
JavaScript warning: https://cnki.net/kns/scripts/min/merge.searchbar.min.js?v=2.6, line 8: unreachable code after return statement
JavaScript warning: https://cnki.net/kns/scripts/min/merge.searchbar.min.js?v=2.6, line 12: unreachable code after return statement
JavaScript warning: https://g.alicdn.com/AWSC/fireyejs/1.226.0/fireyejs.js, line 1: WEBGL_debug_renderer_info is deprecated in Firefox and will be removed. Please use RENDERER.
JavaScript error: https://cnki.net/kns/scripts/min/login.min.js?v=2.6, line 1: ReferenceError: getValueFromCookie is not defined
JavaScript warning: https://cnki.net/kns/scripts/min/merge.searchbar.min.js?v=2.6, line 1: unreachable code after return statement
JavaScript warning: https://cnki.net/kns/scripts/min/merge.searchbar.min.js?v=2.6, line 8: unreachable code after return statement
JavaScript warning: https://cnki.net/kns/scripts/min/merge.searchbar.min.js?v=2.6, line 12: unreachable code after return statement
JavaScript warning: https://g.alicdn.com/AWSC/fireyejs/1.226.0/fireyejs.js, line 1: WEBGL_debug_renderer_info is deprecated in Firefox and will be removed. Please use RENDERER.
JavaScript warning: https://cnki.net/kns/scripts/min/merge.searchbar.min.js?v=2.6, line 1: unreachable code after return statement
JavaScript warning: https://cnki.net/kns/scripts/min/merge.searchbar.min.js?v=2.6, line 8: unreachable code after return statement
JavaScript warning: https://cnki.net/kns/scripts/min/merge.searchbar.min.js?v=2.6, line 12: unreachable code after return statement
JavaScript warning: https://g.alicdn.com/AWSC/fireyejs/1.226.0/fireyejs.js, line 1: WEBGL_debug_renderer_info is deprecated in Firefox and will be removed. Please use RENDERER.
JavaScript warning: https://cnki.net/kns/scripts/min/merge.searchbar.min.js?v=2.6, line 1: unreachable code after return statement
JavaScript warning: https://cnki.net/kns/scripts/min/merge.searchbar.min.js?v=2.6, line 8: unreachable code after return statement
JavaScript warning: https://cnki.net/kns/scripts/min/merge.searchbar.min.js?v=2.6, line 12: unreachable code after return statement
JavaScript warning: https://g.alicdn.com/AWSC/fireyejs/1.226.0/fireyejs.js, line 1: WEBGL_debug_renderer_info is deprecated in Firefox and will be removed. Please use RENDERER.
console.warn: LoginRecipes: "Falling back to a synchronous message for: https://cnki.net."
console.error: "Failed to fetch https://spocs.getpocket.com/spocs:" "NetworkError when attempting to fetch resource."
console.error: "No response for spocs_endpoint prop"
console.error: "Failed to fetch https://firefox-api-proxy.cdn.mozilla.net/desktop/v1/recommendations?locale=en-US&region=US&count=30:" "NetworkError when attempting to fetch resource."
console.error: "No response for feed"
console.error: "Failed to fetch https://firefox-api-proxy.cdn.mozilla.net/desktop/v1/recommendations?locale=en-US&region=US&count=30:" "NetworkError when attempting to fetch resource."
console.error: "No response for feed"
console.error: "Failed to fetch https://spocs.getpocket.com/spocs:" "NetworkError when attempting to fetch resource."
console.error: "No response for spocs_endpoint prop"
console.error: "Failed to fetch https://firefox-api-proxy.cdn.mozilla.net/desktop/v1/recommendations?locale=en-US&region=US&count=30:" "NetworkError when attempting to fetch resource."
console.error: "No response for feed"
console.error: "Failed to fetch https://spocs.getpocket.com/spocs:" "NetworkError when attempting to fetch resource."
console.error: "No response for spocs_endpoint prop"
console.error: "Failed to fetch https://firefox-api-proxy.cdn.mozilla.net/desktop/v1/recommendations?locale=en-US&region=US&count=30:" "NetworkError when attempting to fetch resource."
console.error: "No response for feed"
JavaScript warning: https://v88.live800.com/live800/chatClient/floatButtonStatic.js?tim=1698152811915, line 4: Script terminated by timeout at:
init/<@https://v88.live800.com/live800/chatClient/floatButtonStatic.js?tim=1698152811915:4:1772

1698171814281	Marionette	INFO	Stopped listening on port 59486
1698171816512	Marionette	INFO	Stopped listening on port 59713
JavaScript warning: https://g.alicdn.com/AWSC/fireyejs/1.226.0/fireyejs.js, line 1: Script terminated by timeout at:
i/<@https://g.alicdn.com/AWSC/fireyejs/1.226.0/fireyejs.js:1:43961
i@https://g.alicdn.com/AWSC/fireyejs/1.226.0/fireyejs.js:1:87270

1698171819903	Marionette	INFO	Stopped listening on port 60937
console.error: (new TypeError("NetworkError: Network request failed", "resource://services-settings/Utils.sys.mjs", 229))
console.error: (new TypeError("NetworkError: Network request failed", "resource://services-settings/Utils.sys.mjs", 229))
console.error: (new TypeError("NetworkError: Network request failed", "resource://services-settings/Utils.sys.mjs", 229))
console.error: (new TypeError("NetworkError: Network request failed", "resource://services-settings/Utils.sys.mjs", 229))
JavaScript warning: https://g.alicdn.com/AWSC/fireyejs/1.226.0/fireyejs.js, line 1: Script terminated by timeout at:
i@https://g.alicdn.com/AWSC/fireyejs/1.226.0/fireyejs.js:1:1353

1698171823706	Marionette	INFO	Stopped listening on port 60591
1698171826562	Marionette	INFO	Stopped listening on port 60512
1698325599486	addons.xpi	ERROR	System addon update list error Error: Failed downloading XML, status: 0, channelStatus: 2147500037, errorCode: 2, reason: error
console.error: (new Error("Polling for changes failed: NetworkError: Network request failed.", "resource://services-settings/remote-settings.sys.mjs", 321))
console.error: "Failed to fetch https://spocs.getpocket.com/spocs:" "NetworkError when attempting to fetch resource."
console.error: "No response for spocs_endpoint prop"
console.error: "Failed to fetch https://firefox-api-proxy.cdn.mozilla.net/desktop/v1/recommendations?locale=en-US&region=US&count=30:" "NetworkError when attempting to fetch resource."
console.error: "No response for feed"
1698353960061	Marionette	INFO	Stopped listening on port 59146
1708655416504	mozrunner::runner	INFO	Running command: "/Applications/Firefox.app/Contents/MacOS/firefox-bin" "-marionette" "-foreground" "-no-remote" "-profile" "/var/folders/51/3vcrsp194fldczrkg0b0zgbr0000gn/T/rust_mozprofileaNL5TZ"
1708655464571	mozrunner::runner	INFO	Running command: "/Applications/Firefox.app/Contents/MacOS/firefox-bin" "-marionette" "-foreground" "-no-remote" "-profile" "/var/folders/51/3vcrsp194fldczrkg0b0zgbr0000gn/T/rust_mozprofiled4A4UW"
1708656132706	mozrunner::runner	INFO	Running command: "/Applications/Firefox.app/Contents/MacOS/firefox-bin" "-marionette" "-foreground" "-no-remote" "-profile" "/var/folders/51/3vcrsp194fldczrkg0b0zgbr0000gn/T/rust_mozprofileVH1FIW"
1708656315811	mozrunner::runner	INFO	Running command: "/Applications/Firefox.app/Contents/MacOS/firefox-bin" "-marionette" "-foreground" "-no-remote" "-profile" "/var/folders/51/3vcrsp194fldczrkg0b0zgbr0000gn/T/rust_mozprofileoEyTGR"
/usr/local/bin/geckodriver: error: Found argument '--websocket-port' which wasn't expected, or isn't valid in this context

USAGE:
    geckodriver --port <PORT>

For more information try --help

/usr/local/bin/geckodriver: error: Found argument '--websocket-port' which wasn't expected, or isn't valid in this context

USAGE:
    geckodriver --port <PORT>

For more information try --help

/usr/local/bin/geckodriver: error: Found argument '--websocket-port' which wasn't expected, or isn't valid in this context

USAGE:
    geckodriver --port <PORT>

For more information try --help

/usr/local/bin/geckodriver: error: Found argument '--websocket-port' which wasn't expected, or isn't valid in this context

USAGE:
    geckodriver --port <PORT>

For more information try --help

